\BOOKMARK [1][-]{section.1}{\376\377\137\025\212\000}{}% 1
\BOOKMARK [1][-]{section.2}{\376\377\217\157\116\366\147\266\147\204\151\202\217\360\000\040\000\050\127\372\116\216\000\040\000B\000l\000a\000n\000d\000i\000n\000\040\000e\000t\000\040\000a\000l\000.\000,\000\040\0002\0000\0002\0002\000\040\000[\0001\000]\000\051}{}% 2
\BOOKMARK [1][-]{section.3}{\376\377\164\006\213\272\127\372\170\100\377\032\200\003\206\121\146\362\163\207\124\214\227\142\171\357\123\330\123\026\166\204\154\342\122\250\145\271\172\013\000\040\000\050\133\371\136\224\213\272\145\207\000\040\000S\000e\000c\000.\000\040\000I\000I\000.\000B\000\051}{}% 3
\BOOKMARK [2][-]{subsection.3.1}{\376\377\121\340\117\125\123\330\143\142\000\040\000\050\133\371\136\224\213\272\145\207\000\040\000S\000e\000c\000.\000\040\000I\000I\000.\000B\000.\0001\000\051}{section.3}% 4
\BOOKMARK [2][-]{subsection.3.2}{\376\377\123\330\143\142\124\016\166\204\154\342\122\250\145\271\172\013\000\040\000\050\133\371\136\224\213\272\145\207\000\040\000S\000e\000c\000.\000\040\000I\000I\000.\000B\000.\0002\000\051}{section.3}% 5
\BOOKMARK [2][-]{subsection.3.3}{\376\377\116\000\226\066\157\024\123\026\145\271\172\013\137\142\137\017}{section.3}% 6
\BOOKMARK [1][-]{section.4}{\376\377\131\032\152\041\140\001\122\006\211\343\116\016\200\046\124\010\145\271\172\013\176\304\000\040\000\050\133\371\136\224\213\272\145\207\000\040\000S\000e\000c\000.\000\040\000I\000I\000.\000B\000.\0003\000\051}{}% 7
\BOOKMARK [1][-]{section.5}{\376\377\152\052\124\021\152\041\137\017\166\204\133\232\116\111\377\032\131\032\152\041\140\001\122\006\211\343\166\204\127\372\170\100}{}% 8
\BOOKMARK [1][-]{section.6}{\376\377\000F\000E\000M\000\040\171\273\145\143\123\026}{}% 9
\BOOKMARK [2][-]{subsection.6.1}{\376\377\116\316\000\040\000F\000E\000M\000\040\167\351\226\065\122\060\131\032\152\041\140\001\167\351\226\065\377\032\142\225\137\161\121\163\174\373}{section.6}% 10
\BOOKMARK [2][-]{subsection.6.2}{\376\377\137\061\137\142\137\017}{section.6}% 11
\BOOKMARK [2][-]{subsection.6.3}{\376\377\127\372\121\375\145\160\171\273\145\143\123\026}{section.6}% 12
\BOOKMARK [2][-]{subsection.6.4}{\376\377\136\177\116\111\162\171\137\201\120\074\225\356\230\230}{section.6}% 13
\BOOKMARK [1][-]{section.7}{\376\377\000c\000o\000m\000p\000u\000t\000e\000M\000o\000d\000e\000s\000\040\116\055\166\204\133\236\163\260\377\032\116\016\213\272\145\207\000\040\000[\0001\000]\000\040\166\204\200\124\174\373}{}% 14
\BOOKMARK [2][-]{subsection.7.1}{\376\377\167\351\226\065\176\304\210\305\000\040\000\050\133\371\136\224\213\272\145\207\000\040\000E\000q\000.\000\040\0003\0002\000,\000\040\0003\0003\000\051}{section.7}% 15
\BOOKMARK [2][-]{subsection.7.2}{\376\377\154\102\211\343\162\171\137\201\225\356\230\230\000\040\000\050\133\371\136\224\213\272\145\207\000\040\000E\000q\000.\000\040\0003\0001\000\051}{section.7}% 16
\BOOKMARK [2][-]{subsection.7.3}{\376\377\143\320\123\326\152\041\137\017\176\323\147\234\000\040\000\050\133\371\136\224\213\272\145\207\000\040\000S\000e\000c\000.\000\040\000I\000I\000.\000C\000.\0001\000\051}{section.7}% 17
\BOOKMARK [1][-]{section.8}{\376\377\131\032\152\041\140\001\167\351\226\065\166\204\213\241\173\227\377\032\116\072\117\040\144\255\152\041\127\213\000\040\000[\0001\000]\000\040\000\050\000E\000q\000.\000\040\000\050\0001\0000\000\051\000\051\000\040\120\132\121\306\131\007}{}% 18
\BOOKMARK [1][-]{section.9}{\376\377\153\265\225\364\217\336\143\245\000\040\000\050\133\371\136\224\213\272\145\207\000\040\000S\000e\000c\000.\000\040\000I\000I\000.\000C\000.\0002\000\051}{}% 19
\BOOKMARK [1][-]{section.10}{\376\377\217\164\124\021\117\040\144\255\145\160\120\074\211\343\154\325\000\040\000\050\133\371\136\224\213\272\145\207\000\040\000S\000e\000c\000.\000\040\000I\000I\000.\000C\000.\0003\000\051}{}% 20
\BOOKMARK [1][-]{section.11}{\376\377\217\271\165\114\147\141\116\366\116\016\176\323\147\234\213\241\173\227\000\040\000\050\133\371\136\224\213\272\145\207\000\040\000S\000e\000c\000.\000\040\000I\000I\000.\000D\000\051}{}% 21
\BOOKMARK [1][-]{section.12}{\376\377\130\360\220\123\121\340\117\125\210\150\171\072\116\016\131\004\164\006\377\032\116\316\000\040\000C\000S\000V\000\040\133\374\121\145\122\060\136\224\165\050}{}% 22
\BOOKMARK [2][-]{subsection.12.1}{\376\377\137\025\212\000}{section.12}% 23
\BOOKMARK [2][-]{subsection.12.2}{\376\377\217\223\121\145\145\160\143\156\377\032\000C\000S\000V\000\040\145\207\116\366\150\074\137\017\116\016\176\246\133\232}{section.12}% 24
\BOOKMARK [3][-]{subsubsection.12.2.1}{\376\377\145\207\116\366\176\323\147\204}{subsection.12.2}% 25
\BOOKMARK [3][-]{subsubsection.12.2.2}{\376\377\127\120\150\007\174\373\176\246\133\232}{subsection.12.2}% 26
\BOOKMARK [3][-]{subsubsection.12.2.3}{\376\377\177\051\145\076\126\340\133\120\000\040\000l\000\050\000x\000\051}{subsection.12.2}% 27
\BOOKMARK [2][-]{subsection.12.3}{\376\377\145\160\143\156\211\343\147\220\116\016\122\035\153\145\131\004\164\006\000\040\000\050\000e\000x\000t\000r\000a\000c\000t\000C\000o\000n\000t\000o\000u\000r\000s\000F\000r\000o\000m\000C\000s\000v\000F\000i\000l\000e\000\051}{section.12}% 28
\BOOKMARK [2][-]{subsection.12.4}{\376\377\150\070\137\303\131\004\164\006\377\032\121\340\117\125\123\330\143\142\116\016\123\302\145\160\213\241\173\227\000\040\000\050\000c\000r\000e\000a\000t\000e\000C\000r\000o\000s\000s\000S\000e\000c\000t\000i\000o\000n\000s\000\051}{section.12}% 29
\BOOKMARK [3][-]{subsubsection.12.4.1}{\376\377\121\340\117\125\123\330\143\142\377\032\134\100\220\350\134\105\116\055\116\016\121\150\134\100\210\145\120\177}{subsection.12.4}% 30
\BOOKMARK [3][-]{subsubsection.12.4.2}{\376\377\121\166\116\326\213\241\173\227}{subsection.12.4}% 31
\BOOKMARK [2][-]{subsection.12.5}{\376\377\133\371\214\141\133\236\117\213\123\026\116\016\147\000\176\310\133\130\120\250\000\040\000\050\000a\000d\000d\000C\000r\000o\000s\000s\000S\000e\000c\000t\000i\000o\000n\000F\000E\000M\000\040\116\016\000\040\000b\000u\000i\000l\000d\000M\000e\000s\000h\000\051}{section.12}% 32
\BOOKMARK [2][-]{subsection.12.6}{\376\377\136\224\165\050\377\032\145\160\143\156\146\076\171\072\000\040\000\050\000S\000e\000g\000m\000e\000n\000t\000s\000P\000i\000c\000t\000u\000r\000e\000\040\116\016\000\040\000P\000r\000o\000p\000M\000o\000d\000e\000s\000P\000i\000c\000t\000u\000r\000e\000\051}{section.12}% 33
\BOOKMARK [3][-]{subsubsection.12.6.1}{\376\377\152\052\142\052\227\142\211\306\126\376\000\040\000\050\000P\000r\000o\000p\000M\000o\000d\000e\000s\000P\000i\000c\000t\000u\000r\000e\000\051}{subsection.12.6}% 34
\BOOKMARK [3][-]{subsubsection.12.6.2}{\376\377\167\342\162\266\227\142\211\306\126\376\000\040\000\050\000S\000e\000g\000m\000e\000n\000t\000s\000P\000i\000c\000t\000u\000r\000e\000\051}{subsection.12.6}% 35
\BOOKMARK [2][-]{subsection.12.7}{\376\377\135\345\117\134\155\101\172\013\151\202\211\310}{section.12}% 36
\BOOKMARK [3][-]{subsubsection.12.7.1}{\376\377\155\101\172\013\126\376}{subsection.12.7}% 37
\BOOKMARK [3][-]{subsubsection.12.7.2}{\376\377\153\145\232\244\140\073\176\323}{subsection.12.7}% 38
