This is XeTeX, Version 3.141592653-2.6-0.999995 (TeX Live 2023/nixos.org) (preloaded format=xelatex 1980.1.1)  17 MAY 2025 01:16
entering extended mode
 restricted \write18 enabled.
 %&-line parsing enabled.
**01_vtl3d_fem_core_analysis.tex
(./01_vtl3d_fem_core_analysis.tex
LaTeX2e <2023-11-01> patch level 1
L3 programming layer <2024-02-20>

(/nix/store/4v48iafvd65x29n7w13rbpihwsgp3x68-texlive-combined-full-2023-final-t
exmfdist/tex/latex/ctex/ctexart.cls
(/nix/store/4v48iafvd65x29n7w13rbpihwsgp3x68-texlive-combined-full-2023-final-t
exmfdist/tex/latex/ctex/config/ctexbackend.cfg
File: ctexbackend.cfg 2022/07/14 v2.5.10 Backend configuration file (CTEX)
)
(/nix/store/4v48iafvd65x29n7w13rbpihwsgp3x68-texlive-combined-full-2023-final-t
exmfdist/tex/latex/l3kernel/expl3.sty
Package: expl3 2024-02-20 L3 programming layer (loader) 

(/nix/store/4v48iafvd65x29n7w13rbpihwsgp3x68-texlive-combined-full-2023-final-t
exmfdist/tex/latex/l3backend/l3backend-xetex.def
File: l3backend-xetex.def 2024-02-20 L3 backend support: XeTeX
\g__graphics_track_int=\count184
\l__pdf_internal_box=\box51
\g__pdf_backend_object_int=\count185
\g__pdf_backend_annotation_int=\count186
\g__pdf_backend_link_int=\count187
))
Document Class: ctexart 2022/07/14 v2.5.10 Chinese adapter for class article (C
TEX)

(/nix/store/4v48iafvd65x29n7w13rbpihwsgp3x68-texlive-combined-full-2023-final-t
exmfdist/tex/latex/ctex/ctexhook.sty
Package: ctexhook 2022/07/14 v2.5.10 Document and package hooks (CTEX)
)
(/nix/store/4v48iafvd65x29n7w13rbpihwsgp3x68-texlive-combined-full-2023-final-t
exmfdist/tex/latex/ctex/ctexpatch.sty
Package: ctexpatch 2022/07/14 v2.5.10 Patching commands (CTEX)
)
(/nix/store/4v48iafvd65x29n7w13rbpihwsgp3x68-texlive-combined-full-2023-final-t
exmfdist/tex/latex/base/fix-cm.sty
Package: fix-cm 2020/11/24 v1.1t fixes to LaTeX

(/nix/store/4v48iafvd65x29n7w13rbpihwsgp3x68-texlive-combined-full-2023-final-t
exmfdist/tex/latex/base/ts1enc.def
File: ts1enc.def 2001/06/05 v3.0e (jk/car/fm) Standard LaTeX file
LaTeX Font Info:    Redeclaring font encoding TS1 on input line 47.
))
\l__ctex_tmp_int=\count188
\l__ctex_tmp_box=\box52
\l__ctex_tmp_dim=\dimen140
\g__ctex_section_depth_int=\count189
\g__ctex_font_size_int=\count190

(/nix/store/4v48iafvd65x29n7w13rbpihwsgp3x68-texlive-combined-full-2023-final-t
exmfdist/tex/latex/ctex/config/ctexopts.cfg
File: ctexopts.cfg 2022/07/14 v2.5.10 Option configuration file (CTEX)
)
(/nix/store/4v48iafvd65x29n7w13rbpihwsgp3x68-texlive-combined-full-2023-final-t
exmfdist/tex/latex/base/article.cls
Document Class: article 2023/05/17 v1.4n Standard LaTeX document class

(/nix/store/4v48iafvd65x29n7w13rbpihwsgp3x68-texlive-combined-full-2023-final-t
exmfdist/tex/latex/base/size10.clo
File: size10.clo 2023/05/17 v1.4n Standard LaTeX file (size option)
)
\c@part=\count191
\c@section=\count192
\c@subsection=\count193
\c@subsubsection=\count194
\c@paragraph=\count195
\c@subparagraph=\count196
\c@figure=\count197
\c@table=\count198
\abovecaptionskip=\skip48
\belowcaptionskip=\skip49
\bibindent=\dimen141
)
(/nix/store/4v48iafvd65x29n7w13rbpihwsgp3x68-texlive-combined-full-2023-final-t
exmfdist/tex/latex/ctex/engine/ctex-engine-xetex.def
File: ctex-engine-xetex.def 2022/07/14 v2.5.10 XeLaTeX adapter (CTEX)

(/nix/store/4v48iafvd65x29n7w13rbpihwsgp3x68-texlive-combined-full-2023-final-t
exmfdist/tex/xelatex/xecjk/xeCJK.sty
Package: xeCJK 2022/08/05 v3.9.1 Typesetting CJK scripts with XeLaTeX

(/nix/store/4v48iafvd65x29n7w13rbpihwsgp3x68-texlive-combined-full-2023-final-t
exmfdist/tex/latex/l3packages/xtemplate/xtemplate.sty
(/nix/store/4v48iafvd65x29n7w13rbpihwsgp3x68-texlive-combined-full-2023-final-t
exmfdist/tex/latex/l3packages/xtemplate/xtemplate-2023-10-10.sty
Package: xtemplate 2023-10-10 L3 Experimental prototype document functions
\l__xtemplate_tmp_dim=\dimen142
\l__xtemplate_tmp_int=\count199
\l__xtemplate_tmp_muskip=\muskip16
\l__xtemplate_tmp_skip=\skip50
))
\l__xeCJK_tmp_int=\count266
\l__xeCJK_tmp_box=\box53
\l__xeCJK_tmp_dim=\dimen143
\l__xeCJK_tmp_skip=\skip51
\g__xeCJK_space_factor_int=\count267
\l__xeCJK_begin_int=\count268
\l__xeCJK_end_int=\count269
\c__xeCJK_CJK_class_int=\XeTeXcharclass1
\c__xeCJK_FullLeft_class_int=\XeTeXcharclass2
\c__xeCJK_FullRight_class_int=\XeTeXcharclass3
\c__xeCJK_HalfLeft_class_int=\XeTeXcharclass4
\c__xeCJK_HalfRight_class_int=\XeTeXcharclass5
\c__xeCJK_NormalSpace_class_int=\XeTeXcharclass6
\c__xeCJK_CM_class_int=\XeTeXcharclass7
\c__xeCJK_HangulJamo_class_int=\XeTeXcharclass8
\l__xeCJK_last_skip=\skip52
\c__xeCJK_none_node=\count270
\g__xeCJK_node_int=\count271
\c__xeCJK_CJK_node_dim=\dimen144
\c__xeCJK_CJK-space_node_dim=\dimen145
\c__xeCJK_default_node_dim=\dimen146
\c__xeCJK_CJK-widow_node_dim=\dimen147
\c__xeCJK_normalspace_node_dim=\dimen148
\c__xeCJK_default-space_node_skip=\skip53
\l__xeCJK_ccglue_skip=\skip54
\l__xeCJK_ecglue_skip=\skip55
\l__xeCJK_punct_kern_skip=\skip56
\l__xeCJK_indent_box=\box54
\l__xeCJK_last_penalty_int=\count272
\l__xeCJK_last_bound_dim=\dimen149
\l__xeCJK_last_kern_dim=\dimen150
\l__xeCJK_widow_penalty_int=\count273

Package xtemplate Info: Declaring object type 'xeCJK/punctuation' taking 0
(xtemplate)             argument(s) on line 2396.

\l__xeCJK_fixed_punct_width_dim=\dimen151
\l__xeCJK_mixed_punct_width_dim=\dimen152
\l__xeCJK_middle_punct_width_dim=\dimen153
\l__xeCJK_fixed_margin_width_dim=\dimen154
\l__xeCJK_mixed_margin_width_dim=\dimen155
\l__xeCJK_middle_margin_width_dim=\dimen156
\l__xeCJK_bound_punct_width_dim=\dimen157
\l__xeCJK_bound_margin_width_dim=\dimen158
\l__xeCJK_margin_minimum_dim=\dimen159
\l__xeCJK_kerning_total_width_dim=\dimen160
\l__xeCJK_same_align_margin_dim=\dimen161
\l__xeCJK_different_align_margin_dim=\dimen162
\l__xeCJK_kerning_margin_width_dim=\dimen163
\l__xeCJK_kerning_margin_minimum_dim=\dimen164
\l__xeCJK_bound_dim=\dimen165
\l__xeCJK_reverse_bound_dim=\dimen166
\l__xeCJK_margin_dim=\dimen167
\l__xeCJK_minimum_bound_dim=\dimen168
\l__xeCJK_kerning_margin_dim=\dimen169
\g__xeCJK_family_int=\count274
\l__xeCJK_fam_int=\count275
\g__xeCJK_fam_allocation_int=\count276
\l__xeCJK_verb_case_int=\count277
\l__xeCJK_verb_exspace_skip=\skip57

(/nix/store/4v48iafvd65x29n7w13rbpihwsgp3x68-texlive-combined-full-2023-final-t
exmfdist/tex/latex/fontspec/fontspec.sty
(/nix/store/4v48iafvd65x29n7w13rbpihwsgp3x68-texlive-combined-full-2023-final-t
exmfdist/tex/latex/l3packages/xparse/xparse.sty
Package: xparse 2024-02-18 L3 Experimental document command parser
)
Package: fontspec 2024/02/13 v2.9a Font selection for XeLaTeX and LuaLaTeX

(/nix/store/4v48iafvd65x29n7w13rbpihwsgp3x68-texlive-combined-full-2023-final-t
exmfdist/tex/latex/fontspec/fontspec-xetex.sty
Package: fontspec-xetex 2024/02/13 v2.9a Font selection for XeLaTeX and LuaLaTe
X
\l__fontspec_script_int=\count278
\l__fontspec_language_int=\count279
\l__fontspec_strnum_int=\count280
\l__fontspec_tmp_int=\count281
\l__fontspec_tmpa_int=\count282
\l__fontspec_tmpb_int=\count283
\l__fontspec_tmpc_int=\count284
\l__fontspec_em_int=\count285
\l__fontspec_emdef_int=\count286
\l__fontspec_strong_int=\count287
\l__fontspec_strongdef_int=\count288
\l__fontspec_tmpa_dim=\dimen170
\l__fontspec_tmpb_dim=\dimen171
\l__fontspec_tmpc_dim=\dimen172

(/nix/store/4v48iafvd65x29n7w13rbpihwsgp3x68-texlive-combined-full-2023-final-t
exmfdist/tex/latex/base/fontenc.sty
Package: fontenc 2021/04/29 v2.0v Standard LaTeX package
)
(/nix/store/4v48iafvd65x29n7w13rbpihwsgp3x68-texlive-combined-full-2023-final-t
exmfdist/tex/latex/fontspec/fontspec.cfg)))
(/nix/store/4v48iafvd65x29n7w13rbpihwsgp3x68-texlive-combined-full-2023-final-t
exmfdist/tex/xelatex/xecjk/xeCJK.cfg
File: xeCJK.cfg 2022/08/05 v3.9.1 Configuration file for xeCJK package
))
\ccwd=\dimen173
\l__ctex_ccglue_skip=\skip58
)
\l__ctex_ziju_dim=\dimen174

(/nix/store/4v48iafvd65x29n7w13rbpihwsgp3x68-texlive-combined-full-2023-final-t
exmfdist/tex/latex/zhnumber/zhnumber.sty
Package: zhnumber 2022/07/14 v3.0 Typesetting numbers with Chinese glyphs
\l__zhnum_scale_int=\count289
\l__zhnum_tmp_int=\count290

(/nix/store/4v48iafvd65x29n7w13rbpihwsgp3x68-texlive-combined-full-2023-final-t
exmfdist/tex/latex/zhnumber/zhnumber-utf8.cfg
File: zhnumber-utf8.cfg 2022/07/14 v3.0 Chinese numerals with UTF8 encoding
))
\l__ctex_heading_skip=\skip59

(/nix/store/4v48iafvd65x29n7w13rbpihwsgp3x68-texlive-combined-full-2023-final-t
exmfdist/tex/latex/ctex/scheme/ctex-scheme-chinese-article.def
File: ctex-scheme-chinese-article.def 2022/07/14 v2.5.10 Chinese scheme for art
icle (CTEX)

(/nix/store/4v48iafvd65x29n7w13rbpihwsgp3x68-texlive-combined-full-2023-final-t
exmfdist/tex/latex/ctex/config/ctex-name-utf8.cfg
File: ctex-name-utf8.cfg 2022/07/14 v2.5.10 Caption with encoding UTF-8 (CTEX)
))
(/nix/store/4v48iafvd65x29n7w13rbpihwsgp3x68-texlive-combined-full-2023-final-t
exmfdist/tex/latex/ctex/ctex-c5size.clo
File: ctex-c5size.clo 2022/07/14 v2.5.10 c5size option (CTEX)
)
(/nix/store/4v48iafvd65x29n7w13rbpihwsgp3x68-texlive-combined-full-2023-final-t
exmfdist/tex/latex/ctex/fontset/ctex-fontset-fandol.def
File: ctex-fontset-fandol.def 2022/07/14 v2.5.10 Fandol fonts definition (CTEX)



Package fontspec Warning: Font "FandolSong-Regular" does not contain requested
(fontspec)                Script "CJK".


Package fontspec Info: Font family 'FandolSong-Regular(0)' created for font
(fontspec)             'FandolSong-Regular' with options
(fontspec)             [Script={CJK},Extension={.otf},BoldFont={FandolSong-Bold
},ItalicFont={FandolKai-Regular}].
(fontspec)              
(fontspec)              This font family consists of the following NFSS
(fontspec)             series/shapes:
(fontspec)              
(fontspec)             - 'normal' (m/n) with NFSS spec.:
(fontspec)             <->"[FandolSong-Regular.otf]/OT:language=dflt;"
(fontspec)             - 'small caps'  (m/sc) with NFSS spec.: 
(fontspec)             - 'bold' (b/n) with NFSS spec.:
(fontspec)             <->"[FandolSong-Bold.otf]/OT:language=dflt;"
(fontspec)             - 'bold small caps'  (b/sc) with NFSS spec.: 
(fontspec)             - 'italic' (m/it) with NFSS spec.:
(fontspec)             <->"[FandolKai-Regular.otf]/OT:language=dflt;"
(fontspec)             - 'italic small caps'  (m/scit) with NFSS spec.: 

))
(/nix/store/4v48iafvd65x29n7w13rbpihwsgp3x68-texlive-combined-full-2023-final-t
exmfdist/tex/latex/ctex/config/ctex.cfg
File: ctex.cfg 2022/07/14 v2.5.10 Configuration file (CTEX)
)
(/nix/store/4v48iafvd65x29n7w13rbpihwsgp3x68-texlive-combined-full-2023-final-t
exmfdist/tex/latex/amsmath/amsmath.sty
Package: amsmath 2023/05/13 v2.17o AMS math features
\@mathmargin=\skip60

For additional information on amsmath, use the `?' option.

(/nix/store/4v48iafvd65x29n7w13rbpihwsgp3x68-texlive-combined-full-2023-final-t
exmfdist/tex/latex/amsmath/amstext.sty
Package: amstext 2021/08/26 v2.01 AMS text

(/nix/store/4v48iafvd65x29n7w13rbpihwsgp3x68-texlive-combined-full-2023-final-t
exmfdist/tex/latex/amsmath/amsgen.sty
File: amsgen.sty 1999/11/30 v2.0 generic functions
\@emptytoks=\toks17
\ex@=\dimen175
))
(/nix/store/4v48iafvd65x29n7w13rbpihwsgp3x68-texlive-combined-full-2023-final-t
exmfdist/tex/latex/amsmath/amsbsy.sty
Package: amsbsy 1999/11/29 v1.2d Bold Symbols
\pmbraise@=\dimen176
)
(/nix/store/4v48iafvd65x29n7w13rbpihwsgp3x68-texlive-combined-full-2023-final-t
exmfdist/tex/latex/amsmath/amsopn.sty
Package: amsopn 2022/04/08 v2.04 operator names
)
\inf@bad=\count291
LaTeX Info: Redefining \frac on input line 234.
\uproot@=\count292
\leftroot@=\count293
LaTeX Info: Redefining \overline on input line 399.
LaTeX Info: Redefining \colon on input line 410.
\classnum@=\count294
\DOTSCASE@=\count295
LaTeX Info: Redefining \ldots on input line 496.
LaTeX Info: Redefining \dots on input line 499.
LaTeX Info: Redefining \cdots on input line 620.
\Mathstrutbox@=\box55
\strutbox@=\box56
LaTeX Info: Redefining \big on input line 722.
LaTeX Info: Redefining \Big on input line 723.
LaTeX Info: Redefining \bigg on input line 724.
LaTeX Info: Redefining \Bigg on input line 725.
\big@size=\dimen177
LaTeX Font Info:    Redeclaring font encoding OML on input line 743.
LaTeX Font Info:    Redeclaring font encoding OMS on input line 744.
\macc@depth=\count296
LaTeX Info: Redefining \bmod on input line 905.
LaTeX Info: Redefining \pmod on input line 910.
LaTeX Info: Redefining \smash on input line 940.
LaTeX Info: Redefining \relbar on input line 970.
LaTeX Info: Redefining \Relbar on input line 971.
\c@MaxMatrixCols=\count297
\dotsspace@=\muskip17
\c@parentequation=\count298
\dspbrk@lvl=\count299
\tag@help=\toks18
\row@=\count300
\column@=\count301
\maxfields@=\count302
\andhelp@=\toks19
\eqnshift@=\dimen178
\alignsep@=\dimen179
\tagshift@=\dimen180
\tagwidth@=\dimen181
\totwidth@=\dimen182
\lineht@=\dimen183
\@envbody=\toks20
\multlinegap=\skip61
\multlinetaggap=\skip62
\mathdisplay@stack=\toks21
LaTeX Info: Redefining \[ on input line 2953.
LaTeX Info: Redefining \] on input line 2954.
)
(/nix/store/4v48iafvd65x29n7w13rbpihwsgp3x68-texlive-combined-full-2023-final-t
exmfdist/tex/latex/amsfonts/amssymb.sty
Package: amssymb 2013/01/14 v3.01 AMS font symbols

(/nix/store/4v48iafvd65x29n7w13rbpihwsgp3x68-texlive-combined-full-2023-final-t
exmfdist/tex/latex/amsfonts/amsfonts.sty
Package: amsfonts 2013/01/14 v3.01 Basic AMSFonts support
\symAMSa=\mathgroup4
\symAMSb=\mathgroup5
LaTeX Font Info:    Redeclaring math symbol \hbar on input line 98.
LaTeX Font Info:    Overwriting math alphabet `\mathfrak' in version `bold'
(Font)                  U/euf/m/n --> U/euf/b/n on input line 106.
))
(/nix/store/4v48iafvd65x29n7w13rbpihwsgp3x68-texlive-combined-full-2023-final-t
exmfdist/tex/latex/geometry/geometry.sty
Package: geometry 2020/01/02 v5.9 Page Geometry

(/nix/store/4v48iafvd65x29n7w13rbpihwsgp3x68-texlive-combined-full-2023-final-t
exmfdist/tex/latex/graphics/keyval.sty
Package: keyval 2022/05/29 v1.15 key=value parser (DPC)
\KV@toks@=\toks22
)
(/nix/store/4v48iafvd65x29n7w13rbpihwsgp3x68-texlive-combined-full-2023-final-t
exmfdist/tex/generic/iftex/ifvtex.sty
Package: ifvtex 2019/10/25 v1.7 ifvtex legacy package. Use iftex instead.

(/nix/store/4v48iafvd65x29n7w13rbpihwsgp3x68-texlive-combined-full-2023-final-t
exmfdist/tex/generic/iftex/iftex.sty
Package: iftex 2022/02/03 v1.0f TeX engine tests
))
\Gm@cnth=\count303
\Gm@cntv=\count304
\c@Gm@tempcnt=\count305
\Gm@bindingoffset=\dimen184
\Gm@wd@mp=\dimen185
\Gm@odd@mp=\dimen186
\Gm@even@mp=\dimen187
\Gm@layoutwidth=\dimen188
\Gm@layoutheight=\dimen189
\Gm@layouthoffset=\dimen190
\Gm@layoutvoffset=\dimen191
\Gm@dimlist=\toks23
)
(/nix/store/4v48iafvd65x29n7w13rbpihwsgp3x68-texlive-combined-full-2023-final-t
exmfdist/tex/latex/hyperref/hyperref.sty
Package: hyperref 2024-01-20 v7.01h Hypertext links for LaTeX

(/nix/store/4v48iafvd65x29n7w13rbpihwsgp3x68-texlive-combined-full-2023-final-t
exmfdist/tex/latex/kvsetkeys/kvsetkeys.sty
Package: kvsetkeys 2022-10-05 v1.19 Key value parser (HO)
)
(/nix/store/4v48iafvd65x29n7w13rbpihwsgp3x68-texlive-combined-full-2023-final-t
exmfdist/tex/generic/kvdefinekeys/kvdefinekeys.sty
Package: kvdefinekeys 2019-12-19 v1.6 Define keys (HO)
)
(/nix/store/4v48iafvd65x29n7w13rbpihwsgp3x68-texlive-combined-full-2023-final-t
exmfdist/tex/generic/pdfescape/pdfescape.sty
Package: pdfescape 2019/12/09 v1.15 Implements pdfTeX's escape features (HO)

(/nix/store/4v48iafvd65x29n7w13rbpihwsgp3x68-texlive-combined-full-2023-final-t
exmfdist/tex/generic/ltxcmds/ltxcmds.sty
Package: ltxcmds 2023-12-04 v1.26 LaTeX kernel commands for general use (HO)
)
(/nix/store/4v48iafvd65x29n7w13rbpihwsgp3x68-texlive-combined-full-2023-final-t
exmfdist/tex/generic/pdftexcmds/pdftexcmds.sty
Package: pdftexcmds 2020-06-27 v0.33 Utility functions of pdfTeX for LuaTeX (HO
)

(/nix/store/4v48iafvd65x29n7w13rbpihwsgp3x68-texlive-combined-full-2023-final-t
exmfdist/tex/generic/infwarerr/infwarerr.sty
Package: infwarerr 2019/12/03 v1.5 Providing info/warning/error messages (HO)
)
Package pdftexcmds Info: \pdf@primitive is available.
Package pdftexcmds Info: \pdf@ifprimitive is available.
Package pdftexcmds Info: \pdfdraftmode not found.
))
(/nix/store/4v48iafvd65x29n7w13rbpihwsgp3x68-texlive-combined-full-2023-final-t
exmfdist/tex/latex/hycolor/hycolor.sty
Package: hycolor 2020-01-27 v1.10 Color options for hyperref/bookmark (HO)
)
(/nix/store/4v48iafvd65x29n7w13rbpihwsgp3x68-texlive-combined-full-2023-final-t
exmfdist/tex/latex/auxhook/auxhook.sty
Package: auxhook 2019-12-17 v1.6 Hooks for auxiliary files (HO)
)
(/nix/store/4v48iafvd65x29n7w13rbpihwsgp3x68-texlive-combined-full-2023-final-t
exmfdist/tex/latex/hyperref/nameref.sty
Package: nameref 2023-11-26 v2.56 Cross-referencing by name of section

(/nix/store/4v48iafvd65x29n7w13rbpihwsgp3x68-texlive-combined-full-2023-final-t
exmfdist/tex/latex/refcount/refcount.sty
Package: refcount 2019/12/15 v3.6 Data extraction from label references (HO)
)
(/nix/store/4v48iafvd65x29n7w13rbpihwsgp3x68-texlive-combined-full-2023-final-t
exmfdist/tex/generic/gettitlestring/gettitlestring.sty
Package: gettitlestring 2019/12/15 v1.6 Cleanup title references (HO)

(/nix/store/4v48iafvd65x29n7w13rbpihwsgp3x68-texlive-combined-full-2023-final-t
exmfdist/tex/latex/kvoptions/kvoptions.sty
Package: kvoptions 2022-06-15 v3.15 Key value format for package options (HO)
))
\c@section@level=\count306
)
(/nix/store/4v48iafvd65x29n7w13rbpihwsgp3x68-texlive-combined-full-2023-final-t
exmfdist/tex/latex/etoolbox/etoolbox.sty
Package: etoolbox 2020/10/05 v2.5k e-TeX tools for LaTeX (JAW)
\etb@tempcnta=\count307
)
\@linkdim=\dimen192
\Hy@linkcounter=\count308
\Hy@pagecounter=\count309

(/nix/store/4v48iafvd65x29n7w13rbpihwsgp3x68-texlive-combined-full-2023-final-t
exmfdist/tex/latex/hyperref/pd1enc.def
File: pd1enc.def 2024-01-20 v7.01h Hyperref: PDFDocEncoding definition (HO)
)
(/nix/store/4v48iafvd65x29n7w13rbpihwsgp3x68-texlive-combined-full-2023-final-t
exmfdist/tex/generic/intcalc/intcalc.sty
Package: intcalc 2019/12/15 v1.3 Expandable calculations with integers (HO)
)
\Hy@SavedSpaceFactor=\count310

(/nix/store/4v48iafvd65x29n7w13rbpihwsgp3x68-texlive-combined-full-2023-final-t
exmfdist/tex/latex/hyperref/puenc.def
File: puenc.def 2024-01-20 v7.01h Hyperref: PDF Unicode definition (HO)
)
Package hyperref Info: Option `unicode' set `true' on input line 4062.
Package hyperref Info: Hyper figures OFF on input line 4179.
Package hyperref Info: Link nesting OFF on input line 4184.
Package hyperref Info: Hyper index ON on input line 4187.
Package hyperref Info: Plain pages OFF on input line 4194.
Package hyperref Info: Backreferencing OFF on input line 4199.
Package hyperref Info: Implicit mode ON; LaTeX internals redefined.
Package hyperref Info: Bookmarks ON on input line 4446.
\c@Hy@tempcnt=\count311

(/nix/store/4v48iafvd65x29n7w13rbpihwsgp3x68-texlive-combined-full-2023-final-t
exmfdist/tex/latex/url/url.sty
\Urlmuskip=\muskip18
Package: url 2013/09/16  ver 3.4  Verb mode for urls, etc.
)
LaTeX Info: Redefining \url on input line 4784.
\XeTeXLinkMargin=\dimen193

(/nix/store/4v48iafvd65x29n7w13rbpihwsgp3x68-texlive-combined-full-2023-final-t
exmfdist/tex/generic/bitset/bitset.sty
Package: bitset 2019/12/09 v1.3 Handle bit-vector datatype (HO)

(/nix/store/4v48iafvd65x29n7w13rbpihwsgp3x68-texlive-combined-full-2023-final-t
exmfdist/tex/generic/bigintcalc/bigintcalc.sty
Package: bigintcalc 2019/12/15 v1.5 Expandable calculations on big integers (HO
)
))
\Fld@menulength=\count312
\Field@Width=\dimen194
\Fld@charsize=\dimen195
Package hyperref Info: Hyper figures OFF on input line 6063.
Package hyperref Info: Link nesting OFF on input line 6068.
Package hyperref Info: Hyper index ON on input line 6071.
Package hyperref Info: backreferencing OFF on input line 6078.
Package hyperref Info: Link coloring OFF on input line 6083.
Package hyperref Info: Link coloring with OCG OFF on input line 6088.
Package hyperref Info: PDF/A mode OFF on input line 6093.

(/nix/store/4v48iafvd65x29n7w13rbpihwsgp3x68-texlive-combined-full-2023-final-t
exmfdist/tex/latex/base/atbegshi-ltx.sty
Package: atbegshi-ltx 2021/01/10 v1.0c Emulation of the original atbegshi
package with kernel methods
)
\Hy@abspage=\count313
\c@Item=\count314
\c@Hfootnote=\count315
)
Package hyperref Info: Driver (autodetected): hxetex.

(/nix/store/4v48iafvd65x29n7w13rbpihwsgp3x68-texlive-combined-full-2023-final-t
exmfdist/tex/latex/hyperref/hxetex.def
File: hxetex.def 2024-01-20 v7.01h Hyperref driver for XeTeX

(/nix/store/4v48iafvd65x29n7w13rbpihwsgp3x68-texlive-combined-full-2023-final-t
exmfdist/tex/generic/stringenc/stringenc.sty
Package: stringenc 2019/11/29 v1.12 Convert strings between diff. encodings (HO
)
)
\pdfm@box=\box57
\c@Hy@AnnotLevel=\count316
\HyField@AnnotCount=\count317
\Fld@listcount=\count318
\c@bookmark@seq@number=\count319

(/nix/store/4v48iafvd65x29n7w13rbpihwsgp3x68-texlive-combined-full-2023-final-t
exmfdist/tex/latex/rerunfilecheck/rerunfilecheck.sty
Package: rerunfilecheck 2022-07-10 v1.10 Rerun checks for auxiliary files (HO)

(/nix/store/4v48iafvd65x29n7w13rbpihwsgp3x68-texlive-combined-full-2023-final-t
exmfdist/tex/latex/base/atveryend-ltx.sty
Package: atveryend-ltx 2020/08/19 v1.0a Emulation of the original atveryend pac
kage
with kernel methods
)
(/nix/store/4v48iafvd65x29n7w13rbpihwsgp3x68-texlive-combined-full-2023-final-t
exmfdist/tex/generic/uniquecounter/uniquecounter.sty
Package: uniquecounter 2019/12/15 v1.4 Provide unlimited unique counter (HO)
)
Package uniquecounter Info: New unique counter `rerunfilecheck' on input line 2
85.
)
\Hy@SectionHShift=\skip63
)
(/nix/store/4v48iafvd65x29n7w13rbpihwsgp3x68-texlive-combined-full-2023-final-t
exmfdist/tex/latex/tools/verbatim.sty
Package: verbatim 2023-11-06 v1.5v LaTeX2e package for verbatim enhancements
\every@verbatim=\toks24
\verbatim@line=\toks25
\verbatim@in@stream=\read2
)
(/nix/store/4v48iafvd65x29n7w13rbpihwsgp3x68-texlive-combined-full-2023-final-t
exmfdist/tex/latex/listings/listings.sty
\lst@mode=\count320
\lst@gtempboxa=\box58
\lst@token=\toks26
\lst@length=\count321
\lst@currlwidth=\dimen196
\lst@column=\count322
\lst@pos=\count323
\lst@lostspace=\dimen197
\lst@width=\dimen198
\lst@newlines=\count324
\lst@lineno=\count325
\lst@maxwidth=\dimen199

(/nix/store/4v48iafvd65x29n7w13rbpihwsgp3x68-texlive-combined-full-2023-final-t
exmfdist/tex/latex/listings/lstpatch.sty
File: lstpatch.sty 2024/02/21 1.10 (Carsten Heinz)
)
(/nix/store/4v48iafvd65x29n7w13rbpihwsgp3x68-texlive-combined-full-2023-final-t
exmfdist/tex/latex/listings/lstmisc.sty
File: lstmisc.sty 2024/02/21 1.10 (Carsten Heinz)
\c@lstnumber=\count326
\lst@skipnumbers=\count327
\lst@framebox=\box59
)
(/nix/store/4v48iafvd65x29n7w13rbpihwsgp3x68-texlive-combined-full-2023-final-t
exmfdist/tex/latex/listings/listings.cfg
File: listings.cfg 2024/02/21 1.10 listings configuration
))
Package: listings 2024/02/21 1.10 (Carsten Heinz)

(/nix/store/4v48iafvd65x29n7w13rbpihwsgp3x68-texlive-combined-full-2023-final-t
exmfdist/tex/xelatex/xecjk/xeCJK-listings.sty
Package: xeCJK-listings 2022/08/05 v3.9.1 xeCJK patch file for listings
\l__xeCJK_listings_max_char_int=\count328
\l__xeCJK_listings_flag_int=\count329
)
(/nix/store/4v48iafvd65x29n7w13rbpihwsgp3x68-texlive-combined-full-2023-final-t
exmfdist/tex/latex/xcolor/xcolor.sty
Package: xcolor 2023/11/15 v3.01 LaTeX color extensions (UK)

(/nix/store/4v48iafvd65x29n7w13rbpihwsgp3x68-texlive-combined-full-2023-final-t
exmfdist/tex/latex/graphics-cfg/color.cfg
File: color.cfg 2016/01/02 v1.6 sample color configuration
)
Package xcolor Info: Driver file: xetex.def on input line 274.

(/nix/store/4v48iafvd65x29n7w13rbpihwsgp3x68-texlive-combined-full-2023-final-t
exmfdist/tex/latex/graphics-def/xetex.def
File: xetex.def 2022/09/22 v5.0n Graphics/color driver for xetex
)
(/nix/store/4v48iafvd65x29n7w13rbpihwsgp3x68-texlive-combined-full-2023-final-t
exmfdist/tex/latex/graphics/mathcolor.ltx)
Package xcolor Info: Model `cmy' substituted by `cmy0' on input line 1350.
Package xcolor Info: Model `RGB' extended on input line 1366.
Package xcolor Info: Model `HTML' substituted by `rgb' on input line 1368.
Package xcolor Info: Model `Hsb' substituted by `hsb' on input line 1369.
Package xcolor Info: Model `tHsb' substituted by `hsb' on input line 1370.
Package xcolor Info: Model `HSB' substituted by `hsb' on input line 1371.
Package xcolor Info: Model `Gray' substituted by `gray' on input line 1372.
Package xcolor Info: Model `wave' substituted by `hsb' on input line 1373.
)
(/nix/store/4v48iafvd65x29n7w13rbpihwsgp3x68-texlive-combined-full-2023-final-t
exmfdist/tex/latex/pgf/frontendlayer/tikz.sty
(/nix/store/4v48iafvd65x29n7w13rbpihwsgp3x68-texlive-combined-full-2023-final-t
exmfdist/tex/latex/pgf/basiclayer/pgf.sty
(/nix/store/4v48iafvd65x29n7w13rbpihwsgp3x68-texlive-combined-full-2023-final-t
exmfdist/tex/latex/pgf/utilities/pgfrcs.sty
(/nix/store/4v48iafvd65x29n7w13rbpihwsgp3x68-texlive-combined-full-2023-final-t
exmfdist/tex/generic/pgf/utilities/pgfutil-common.tex
\pgfutil@everybye=\toks27
\pgfutil@tempdima=\dimen256
\pgfutil@tempdimb=\dimen257
)
(/nix/store/4v48iafvd65x29n7w13rbpihwsgp3x68-texlive-combined-full-2023-final-t
exmfdist/tex/generic/pgf/utilities/pgfutil-latex.def
\pgfutil@abb=\box60
)
(/nix/store/4v48iafvd65x29n7w13rbpihwsgp3x68-texlive-combined-full-2023-final-t
exmfdist/tex/generic/pgf/utilities/pgfrcs.code.tex
(/nix/store/4v48iafvd65x29n7w13rbpihwsgp3x68-texlive-combined-full-2023-final-t
exmfdist/tex/generic/pgf/pgf.revision.tex)
Package: pgfrcs 2023-01-15 v3.1.10 (3.1.10)
))
Package: pgf 2023-01-15 v3.1.10 (3.1.10)

(/nix/store/4v48iafvd65x29n7w13rbpihwsgp3x68-texlive-combined-full-2023-final-t
exmfdist/tex/latex/pgf/basiclayer/pgfcore.sty
(/nix/store/4v48iafvd65x29n7w13rbpihwsgp3x68-texlive-combined-full-2023-final-t
exmfdist/tex/latex/graphics/graphicx.sty
Package: graphicx 2021/09/16 v1.2d Enhanced LaTeX Graphics (DPC,SPQR)

(/nix/store/4v48iafvd65x29n7w13rbpihwsgp3x68-texlive-combined-full-2023-final-t
exmfdist/tex/latex/graphics/graphics.sty
Package: graphics 2022/03/10 v1.4e Standard LaTeX Graphics (DPC,SPQR)

(/nix/store/4v48iafvd65x29n7w13rbpihwsgp3x68-texlive-combined-full-2023-final-t
exmfdist/tex/latex/graphics/trig.sty
Package: trig 2021/08/11 v1.11 sin cos tan (DPC)
)
(/nix/store/4v48iafvd65x29n7w13rbpihwsgp3x68-texlive-combined-full-2023-final-t
exmfdist/tex/latex/graphics-cfg/graphics.cfg
File: graphics.cfg 2016/06/04 v1.11 sample graphics configuration
)
Package graphics Info: Driver file: xetex.def on input line 107.
)
\Gin@req@height=\dimen258
\Gin@req@width=\dimen259
)
(/nix/store/4v48iafvd65x29n7w13rbpihwsgp3x68-texlive-combined-full-2023-final-t
exmfdist/tex/latex/pgf/systemlayer/pgfsys.sty
(/nix/store/4v48iafvd65x29n7w13rbpihwsgp3x68-texlive-combined-full-2023-final-t
exmfdist/tex/generic/pgf/systemlayer/pgfsys.code.tex
Package: pgfsys 2023-01-15 v3.1.10 (3.1.10)

(/nix/store/4v48iafvd65x29n7w13rbpihwsgp3x68-texlive-combined-full-2023-final-t
exmfdist/tex/generic/pgf/utilities/pgfkeys.code.tex
\pgfkeys@pathtoks=\toks28
\pgfkeys@temptoks=\toks29

(/nix/store/4v48iafvd65x29n7w13rbpihwsgp3x68-texlive-combined-full-2023-final-t
exmfdist/tex/generic/pgf/utilities/pgfkeyslibraryfiltered.code.tex
\pgfkeys@tmptoks=\toks30
))
\pgf@x=\dimen260
\pgf@y=\dimen261
\pgf@xa=\dimen262
\pgf@ya=\dimen263
\pgf@xb=\dimen264
\pgf@yb=\dimen265
\pgf@xc=\dimen266
\pgf@yc=\dimen267
\pgf@xd=\dimen268
\pgf@yd=\dimen269
\w@pgf@writea=\write3
\r@pgf@reada=\read3
\c@pgf@counta=\count330
\c@pgf@countb=\count331
\c@pgf@countc=\count332
\c@pgf@countd=\count333
\t@pgf@toka=\toks31
\t@pgf@tokb=\toks32
\t@pgf@tokc=\toks33
\pgf@sys@id@count=\count334

(/nix/store/4v48iafvd65x29n7w13rbpihwsgp3x68-texlive-combined-full-2023-final-t
exmfdist/tex/generic/pgf/systemlayer/pgf.cfg
File: pgf.cfg 2023-01-15 v3.1.10 (3.1.10)
)
Driver file for pgf: pgfsys-xetex.def

(/nix/store/4v48iafvd65x29n7w13rbpihwsgp3x68-texlive-combined-full-2023-final-t
exmfdist/tex/generic/pgf/systemlayer/pgfsys-xetex.def
File: pgfsys-xetex.def 2023-01-15 v3.1.10 (3.1.10)

(/nix/store/4v48iafvd65x29n7w13rbpihwsgp3x68-texlive-combined-full-2023-final-t
exmfdist/tex/generic/pgf/systemlayer/pgfsys-dvipdfmx.def
File: pgfsys-dvipdfmx.def 2023-01-15 v3.1.10 (3.1.10)

(/nix/store/4v48iafvd65x29n7w13rbpihwsgp3x68-texlive-combined-full-2023-final-t
exmfdist/tex/generic/pgf/systemlayer/pgfsys-common-pdf.def
File: pgfsys-common-pdf.def 2023-01-15 v3.1.10 (3.1.10)
)
\pgfsys@objnum=\count335
)))
(/nix/store/4v48iafvd65x29n7w13rbpihwsgp3x68-texlive-combined-full-2023-final-t
exmfdist/tex/generic/pgf/systemlayer/pgfsyssoftpath.code.tex
File: pgfsyssoftpath.code.tex 2023-01-15 v3.1.10 (3.1.10)
\pgfsyssoftpath@smallbuffer@items=\count336
\pgfsyssoftpath@bigbuffer@items=\count337
)
(/nix/store/4v48iafvd65x29n7w13rbpihwsgp3x68-texlive-combined-full-2023-final-t
exmfdist/tex/generic/pgf/systemlayer/pgfsysprotocol.code.tex
File: pgfsysprotocol.code.tex 2023-01-15 v3.1.10 (3.1.10)
))
(/nix/store/4v48iafvd65x29n7w13rbpihwsgp3x68-texlive-combined-full-2023-final-t
exmfdist/tex/generic/pgf/basiclayer/pgfcore.code.tex
Package: pgfcore 2023-01-15 v3.1.10 (3.1.10)

(/nix/store/4v48iafvd65x29n7w13rbpihwsgp3x68-texlive-combined-full-2023-final-t
exmfdist/tex/generic/pgf/math/pgfmath.code.tex
(/nix/store/4v48iafvd65x29n7w13rbpihwsgp3x68-texlive-combined-full-2023-final-t
exmfdist/tex/generic/pgf/math/pgfmathutil.code.tex)
(/nix/store/4v48iafvd65x29n7w13rbpihwsgp3x68-texlive-combined-full-2023-final-t
exmfdist/tex/generic/pgf/math/pgfmathparser.code.tex
\pgfmath@dimen=\dimen270
\pgfmath@count=\count338
\pgfmath@box=\box61
\pgfmath@toks=\toks34
\pgfmath@stack@operand=\toks35
\pgfmath@stack@operation=\toks36
)
(/nix/store/4v48iafvd65x29n7w13rbpihwsgp3x68-texlive-combined-full-2023-final-t
exmfdist/tex/generic/pgf/math/pgfmathfunctions.code.tex)
(/nix/store/4v48iafvd65x29n7w13rbpihwsgp3x68-texlive-combined-full-2023-final-t
exmfdist/tex/generic/pgf/math/pgfmathfunctions.basic.code.tex)
(/nix/store/4v48iafvd65x29n7w13rbpihwsgp3x68-texlive-combined-full-2023-final-t
exmfdist/tex/generic/pgf/math/pgfmathfunctions.trigonometric.code.tex)
(/nix/store/4v48iafvd65x29n7w13rbpihwsgp3x68-texlive-combined-full-2023-final-t
exmfdist/tex/generic/pgf/math/pgfmathfunctions.random.code.tex)
(/nix/store/4v48iafvd65x29n7w13rbpihwsgp3x68-texlive-combined-full-2023-final-t
exmfdist/tex/generic/pgf/math/pgfmathfunctions.comparison.code.tex)
(/nix/store/4v48iafvd65x29n7w13rbpihwsgp3x68-texlive-combined-full-2023-final-t
exmfdist/tex/generic/pgf/math/pgfmathfunctions.base.code.tex)
(/nix/store/4v48iafvd65x29n7w13rbpihwsgp3x68-texlive-combined-full-2023-final-t
exmfdist/tex/generic/pgf/math/pgfmathfunctions.round.code.tex)
(/nix/store/4v48iafvd65x29n7w13rbpihwsgp3x68-texlive-combined-full-2023-final-t
exmfdist/tex/generic/pgf/math/pgfmathfunctions.misc.code.tex)
(/nix/store/4v48iafvd65x29n7w13rbpihwsgp3x68-texlive-combined-full-2023-final-t
exmfdist/tex/generic/pgf/math/pgfmathfunctions.integerarithmetics.code.tex)
(/nix/store/4v48iafvd65x29n7w13rbpihwsgp3x68-texlive-combined-full-2023-final-t
exmfdist/tex/generic/pgf/math/pgfmathcalc.code.tex)
(/nix/store/4v48iafvd65x29n7w13rbpihwsgp3x68-texlive-combined-full-2023-final-t
exmfdist/tex/generic/pgf/math/pgfmathfloat.code.tex
\c@pgfmathroundto@lastzeros=\count339
))
(/nix/store/4v48iafvd65x29n7w13rbpihwsgp3x68-texlive-combined-full-2023-final-t
exmfdist/tex/generic/pgf/math/pgfint.code.tex)
(/nix/store/4v48iafvd65x29n7w13rbpihwsgp3x68-texlive-combined-full-2023-final-t
exmfdist/tex/generic/pgf/basiclayer/pgfcorepoints.code.tex
File: pgfcorepoints.code.tex 2023-01-15 v3.1.10 (3.1.10)
\pgf@picminx=\dimen271
\pgf@picmaxx=\dimen272
\pgf@picminy=\dimen273
\pgf@picmaxy=\dimen274
\pgf@pathminx=\dimen275
\pgf@pathmaxx=\dimen276
\pgf@pathminy=\dimen277
\pgf@pathmaxy=\dimen278
\pgf@xx=\dimen279
\pgf@xy=\dimen280
\pgf@yx=\dimen281
\pgf@yy=\dimen282
\pgf@zx=\dimen283
\pgf@zy=\dimen284
)
(/nix/store/4v48iafvd65x29n7w13rbpihwsgp3x68-texlive-combined-full-2023-final-t
exmfdist/tex/generic/pgf/basiclayer/pgfcorepathconstruct.code.tex
File: pgfcorepathconstruct.code.tex 2023-01-15 v3.1.10 (3.1.10)
\pgf@path@lastx=\dimen285
\pgf@path@lasty=\dimen286
)
(/nix/store/4v48iafvd65x29n7w13rbpihwsgp3x68-texlive-combined-full-2023-final-t
exmfdist/tex/generic/pgf/basiclayer/pgfcorepathusage.code.tex
File: pgfcorepathusage.code.tex 2023-01-15 v3.1.10 (3.1.10)
\pgf@shorten@end@additional=\dimen287
\pgf@shorten@start@additional=\dimen288
)
(/nix/store/4v48iafvd65x29n7w13rbpihwsgp3x68-texlive-combined-full-2023-final-t
exmfdist/tex/generic/pgf/basiclayer/pgfcorescopes.code.tex
File: pgfcorescopes.code.tex 2023-01-15 v3.1.10 (3.1.10)
\pgfpic=\box62
\pgf@hbox=\box63
\pgf@layerbox@main=\box64
\pgf@picture@serial@count=\count340
)
(/nix/store/4v48iafvd65x29n7w13rbpihwsgp3x68-texlive-combined-full-2023-final-t
exmfdist/tex/generic/pgf/basiclayer/pgfcoregraphicstate.code.tex
File: pgfcoregraphicstate.code.tex 2023-01-15 v3.1.10 (3.1.10)
\pgflinewidth=\dimen289
)
(/nix/store/4v48iafvd65x29n7w13rbpihwsgp3x68-texlive-combined-full-2023-final-t
exmfdist/tex/generic/pgf/basiclayer/pgfcoretransformations.code.tex
File: pgfcoretransformations.code.tex 2023-01-15 v3.1.10 (3.1.10)
\pgf@pt@x=\dimen290
\pgf@pt@y=\dimen291
\pgf@pt@temp=\dimen292
)
(/nix/store/4v48iafvd65x29n7w13rbpihwsgp3x68-texlive-combined-full-2023-final-t
exmfdist/tex/generic/pgf/basiclayer/pgfcorequick.code.tex
File: pgfcorequick.code.tex 2023-01-15 v3.1.10 (3.1.10)
)
(/nix/store/4v48iafvd65x29n7w13rbpihwsgp3x68-texlive-combined-full-2023-final-t
exmfdist/tex/generic/pgf/basiclayer/pgfcoreobjects.code.tex
File: pgfcoreobjects.code.tex 2023-01-15 v3.1.10 (3.1.10)
)
(/nix/store/4v48iafvd65x29n7w13rbpihwsgp3x68-texlive-combined-full-2023-final-t
exmfdist/tex/generic/pgf/basiclayer/pgfcorepathprocessing.code.tex
File: pgfcorepathprocessing.code.tex 2023-01-15 v3.1.10 (3.1.10)
)
(/nix/store/4v48iafvd65x29n7w13rbpihwsgp3x68-texlive-combined-full-2023-final-t
exmfdist/tex/generic/pgf/basiclayer/pgfcorearrows.code.tex
File: pgfcorearrows.code.tex 2023-01-15 v3.1.10 (3.1.10)
\pgfarrowsep=\dimen293
)
(/nix/store/4v48iafvd65x29n7w13rbpihwsgp3x68-texlive-combined-full-2023-final-t
exmfdist/tex/generic/pgf/basiclayer/pgfcoreshade.code.tex
File: pgfcoreshade.code.tex 2023-01-15 v3.1.10 (3.1.10)
\pgf@max=\dimen294
\pgf@sys@shading@range@num=\count341
\pgf@shadingcount=\count342
)
(/nix/store/4v48iafvd65x29n7w13rbpihwsgp3x68-texlive-combined-full-2023-final-t
exmfdist/tex/generic/pgf/basiclayer/pgfcoreimage.code.tex
File: pgfcoreimage.code.tex 2023-01-15 v3.1.10 (3.1.10)
)
(/nix/store/4v48iafvd65x29n7w13rbpihwsgp3x68-texlive-combined-full-2023-final-t
exmfdist/tex/generic/pgf/basiclayer/pgfcoreexternal.code.tex
File: pgfcoreexternal.code.tex 2023-01-15 v3.1.10 (3.1.10)
\pgfexternal@startupbox=\box65
)
(/nix/store/4v48iafvd65x29n7w13rbpihwsgp3x68-texlive-combined-full-2023-final-t
exmfdist/tex/generic/pgf/basiclayer/pgfcorelayers.code.tex
File: pgfcorelayers.code.tex 2023-01-15 v3.1.10 (3.1.10)
)
(/nix/store/4v48iafvd65x29n7w13rbpihwsgp3x68-texlive-combined-full-2023-final-t
exmfdist/tex/generic/pgf/basiclayer/pgfcoretransparency.code.tex
File: pgfcoretransparency.code.tex 2023-01-15 v3.1.10 (3.1.10)
)
(/nix/store/4v48iafvd65x29n7w13rbpihwsgp3x68-texlive-combined-full-2023-final-t
exmfdist/tex/generic/pgf/basiclayer/pgfcorepatterns.code.tex
File: pgfcorepatterns.code.tex 2023-01-15 v3.1.10 (3.1.10)
)
(/nix/store/4v48iafvd65x29n7w13rbpihwsgp3x68-texlive-combined-full-2023-final-t
exmfdist/tex/generic/pgf/basiclayer/pgfcorerdf.code.tex
File: pgfcorerdf.code.tex 2023-01-15 v3.1.10 (3.1.10)
)))
(/nix/store/4v48iafvd65x29n7w13rbpihwsgp3x68-texlive-combined-full-2023-final-t
exmfdist/tex/generic/pgf/modules/pgfmoduleshapes.code.tex
File: pgfmoduleshapes.code.tex 2023-01-15 v3.1.10 (3.1.10)
\pgfnodeparttextbox=\box66
)
(/nix/store/4v48iafvd65x29n7w13rbpihwsgp3x68-texlive-combined-full-2023-final-t
exmfdist/tex/generic/pgf/modules/pgfmoduleplot.code.tex
File: pgfmoduleplot.code.tex 2023-01-15 v3.1.10 (3.1.10)
)
(/nix/store/4v48iafvd65x29n7w13rbpihwsgp3x68-texlive-combined-full-2023-final-t
exmfdist/tex/latex/pgf/compatibility/pgfcomp-version-0-65.sty
Package: pgfcomp-version-0-65 2023-01-15 v3.1.10 (3.1.10)
\pgf@nodesepstart=\dimen295
\pgf@nodesepend=\dimen296
)
(/nix/store/4v48iafvd65x29n7w13rbpihwsgp3x68-texlive-combined-full-2023-final-t
exmfdist/tex/latex/pgf/compatibility/pgfcomp-version-1-18.sty
Package: pgfcomp-version-1-18 2023-01-15 v3.1.10 (3.1.10)
))
(/nix/store/4v48iafvd65x29n7w13rbpihwsgp3x68-texlive-combined-full-2023-final-t
exmfdist/tex/latex/pgf/utilities/pgffor.sty
(/nix/store/4v48iafvd65x29n7w13rbpihwsgp3x68-texlive-combined-full-2023-final-t
exmfdist/tex/latex/pgf/utilities/pgfkeys.sty
(/nix/store/4v48iafvd65x29n7w13rbpihwsgp3x68-texlive-combined-full-2023-final-t
exmfdist/tex/generic/pgf/utilities/pgfkeys.code.tex))
(/nix/store/4v48iafvd65x29n7w13rbpihwsgp3x68-texlive-combined-full-2023-final-t
exmfdist/tex/latex/pgf/math/pgfmath.sty
(/nix/store/4v48iafvd65x29n7w13rbpihwsgp3x68-texlive-combined-full-2023-final-t
exmfdist/tex/generic/pgf/math/pgfmath.code.tex))
(/nix/store/4v48iafvd65x29n7w13rbpihwsgp3x68-texlive-combined-full-2023-final-t
exmfdist/tex/generic/pgf/utilities/pgffor.code.tex
Package: pgffor 2023-01-15 v3.1.10 (3.1.10)
\pgffor@iter=\dimen297
\pgffor@skip=\dimen298
\pgffor@stack=\toks37
\pgffor@toks=\toks38
))
(/nix/store/4v48iafvd65x29n7w13rbpihwsgp3x68-texlive-combined-full-2023-final-t
exmfdist/tex/generic/pgf/frontendlayer/tikz/tikz.code.tex
Package: tikz 2023-01-15 v3.1.10 (3.1.10)

(/nix/store/4v48iafvd65x29n7w13rbpihwsgp3x68-texlive-combined-full-2023-final-t
exmfdist/tex/generic/pgf/libraries/pgflibraryplothandlers.code.tex
File: pgflibraryplothandlers.code.tex 2023-01-15 v3.1.10 (3.1.10)
\pgf@plot@mark@count=\count343
\pgfplotmarksize=\dimen299
)
\tikz@lastx=\dimen300
\tikz@lasty=\dimen301
\tikz@lastxsaved=\dimen302
\tikz@lastysaved=\dimen303
\tikz@lastmovetox=\dimen304
\tikz@lastmovetoy=\dimen305
\tikzleveldistance=\dimen306
\tikzsiblingdistance=\dimen307
\tikz@figbox=\box67
\tikz@figbox@bg=\box68
\tikz@tempbox=\box69
\tikz@tempbox@bg=\box70
\tikztreelevel=\count344
\tikznumberofchildren=\count345
\tikznumberofcurrentchild=\count346
\tikz@fig@count=\count347

(/nix/store/4v48iafvd65x29n7w13rbpihwsgp3x68-texlive-combined-full-2023-final-t
exmfdist/tex/generic/pgf/modules/pgfmodulematrix.code.tex
File: pgfmodulematrix.code.tex 2023-01-15 v3.1.10 (3.1.10)
\pgfmatrixcurrentrow=\count348
\pgfmatrixcurrentcolumn=\count349
\pgf@matrix@numberofcolumns=\count350
)
\tikz@expandcount=\count351

(/nix/store/4v48iafvd65x29n7w13rbpihwsgp3x68-texlive-combined-full-2023-final-t
exmfdist/tex/generic/pgf/frontendlayer/tikz/libraries/tikzlibrarytopaths.code.t
ex
File: tikzlibrarytopaths.code.tex 2023-01-15 v3.1.10 (3.1.10)
)))
(/nix/store/4v48iafvd65x29n7w13rbpihwsgp3x68-texlive-combined-full-2023-final-t
exmfdist/tex/latex/enumitem/enumitem.sty
Package: enumitem 2019/06/20 v3.9 Customized lists
\labelindent=\skip64
\enit@outerparindent=\dimen308
\enit@toks=\toks39
\enit@inbox=\box71
\enit@count@id=\count352
\enitdp@description=\count353
)
(/nix/store/4v48iafvd65x29n7w13rbpihwsgp3x68-texlive-combined-full-2023-final-t
exmfdist/tex/latex/booktabs/booktabs.sty
Package: booktabs 2020/01/12 v1.61803398 Publication quality tables
\heavyrulewidth=\dimen309
\lightrulewidth=\dimen310
\cmidrulewidth=\dimen311
\belowrulesep=\dimen312
\belowbottomsep=\dimen313
\aboverulesep=\dimen314
\abovetopsep=\dimen315
\cmidrulesep=\dimen316
\cmidrulekern=\dimen317
\defaultaddspace=\dimen318
\@cmidla=\count354
\@cmidlb=\count355
\@aboverulesep=\dimen319
\@belowrulesep=\dimen320
\@thisruleclass=\count356
\@lastruleclass=\count357
\@thisrulewidth=\dimen321
)
(/nix/store/4v48iafvd65x29n7w13rbpihwsgp3x68-texlive-combined-full-2023-final-t
exmfdist/tex/generic/pgf/frontendlayer/tikz/libraries/tikzlibraryshapes.code.te
x
File: tikzlibraryshapes.code.tex 2023-01-15 v3.1.10 (3.1.10)

(/nix/store/4v48iafvd65x29n7w13rbpihwsgp3x68-texlive-combined-full-2023-final-t
exmfdist/tex/generic/pgf/frontendlayer/tikz/libraries/tikzlibraryshapes.geometr
ic.code.tex
File: tikzlibraryshapes.geometric.code.tex 2023-01-15 v3.1.10 (3.1.10)

(/nix/store/4v48iafvd65x29n7w13rbpihwsgp3x68-texlive-combined-full-2023-final-t
exmfdist/tex/generic/pgf/libraries/shapes/pgflibraryshapes.geometric.code.tex
File: pgflibraryshapes.geometric.code.tex 2023-01-15 v3.1.10 (3.1.10)
))
(/nix/store/4v48iafvd65x29n7w13rbpihwsgp3x68-texlive-combined-full-2023-final-t
exmfdist/tex/generic/pgf/frontendlayer/tikz/libraries/tikzlibraryshapes.misc.co
de.tex
File: tikzlibraryshapes.misc.code.tex 2023-01-15 v3.1.10 (3.1.10)

(/nix/store/4v48iafvd65x29n7w13rbpihwsgp3x68-texlive-combined-full-2023-final-t
exmfdist/tex/generic/pgf/libraries/shapes/pgflibraryshapes.misc.code.tex
File: pgflibraryshapes.misc.code.tex 2023-01-15 v3.1.10 (3.1.10)
))
(/nix/store/4v48iafvd65x29n7w13rbpihwsgp3x68-texlive-combined-full-2023-final-t
exmfdist/tex/generic/pgf/frontendlayer/tikz/libraries/tikzlibraryshapes.symbols
.code.tex
File: tikzlibraryshapes.symbols.code.tex 2023-01-15 v3.1.10 (3.1.10)

(/nix/store/4v48iafvd65x29n7w13rbpihwsgp3x68-texlive-combined-full-2023-final-t
exmfdist/tex/generic/pgf/libraries/shapes/pgflibraryshapes.symbols.code.tex
File: pgflibraryshapes.symbols.code.tex 2023-01-15 v3.1.10 (3.1.10)
))
(/nix/store/4v48iafvd65x29n7w13rbpihwsgp3x68-texlive-combined-full-2023-final-t
exmfdist/tex/generic/pgf/frontendlayer/tikz/libraries/tikzlibraryshapes.arrows.
code.tex
File: tikzlibraryshapes.arrows.code.tex 2023-01-15 v3.1.10 (3.1.10)

(/nix/store/4v48iafvd65x29n7w13rbpihwsgp3x68-texlive-combined-full-2023-final-t
exmfdist/tex/generic/pgf/libraries/shapes/pgflibraryshapes.arrows.code.tex
File: pgflibraryshapes.arrows.code.tex 2023-01-15 v3.1.10 (3.1.10)
))
(/nix/store/4v48iafvd65x29n7w13rbpihwsgp3x68-texlive-combined-full-2023-final-t
exmfdist/tex/generic/pgf/frontendlayer/tikz/libraries/tikzlibraryshapes.callout
s.code.tex
(/nix/store/4v48iafvd65x29n7w13rbpihwsgp3x68-texlive-combined-full-2023-final-t
exmfdist/tex/generic/pgf/libraries/shapes/pgflibraryshapes.callouts.code.tex))
(/nix/store/4v48iafvd65x29n7w13rbpihwsgp3x68-texlive-combined-full-2023-final-t
exmfdist/tex/generic/pgf/frontendlayer/tikz/libraries/tikzlibraryshapes.multipa
rt.code.tex
File: tikzlibraryshapes.multipart.code.tex 2023-01-15 v3.1.10 (3.1.10)

(/nix/store/4v48iafvd65x29n7w13rbpihwsgp3x68-texlive-combined-full-2023-final-t
exmfdist/tex/generic/pgf/libraries/shapes/pgflibraryshapes.multipart.code.tex
File: pgflibraryshapes.multipart.code.tex 2023-01-15 v3.1.10 (3.1.10)
\pgfnodepartlowerbox=\box72
\pgfnodeparttwobox=\box73
\pgfnodepartthreebox=\box74
\pgfnodepartfourbox=\box75
\pgfnodeparttwentybox=\box76
\pgfnodepartnineteenbox=\box77
\pgfnodeparteighteenbox=\box78
\pgfnodepartseventeenbox=\box79
\pgfnodepartsixteenbox=\box80
\pgfnodepartfifteenbox=\box81
\pgfnodepartfourteenbox=\box82
\pgfnodepartthirteenbox=\box83
\pgfnodeparttwelvebox=\box84
\pgfnodepartelevenbox=\box85
\pgfnodeparttenbox=\box86
\pgfnodepartninebox=\box87
\pgfnodeparteightbox=\box88
\pgfnodepartsevenbox=\box89
\pgfnodepartsixbox=\box90
\pgfnodepartfivebox=\box91
)))
(/nix/store/4v48iafvd65x29n7w13rbpihwsgp3x68-texlive-combined-full-2023-final-t
exmfdist/tex/generic/pgf/frontendlayer/tikz/libraries/tikzlibraryarrows.code.te
x
File: tikzlibraryarrows.code.tex 2023-01-15 v3.1.10 (3.1.10)

(/nix/store/4v48iafvd65x29n7w13rbpihwsgp3x68-texlive-combined-full-2023-final-t
exmfdist/tex/generic/pgf/libraries/pgflibraryarrows.code.tex
File: pgflibraryarrows.code.tex 2023-01-15 v3.1.10 (3.1.10)
\arrowsize=\dimen322
))
(/nix/store/4v48iafvd65x29n7w13rbpihwsgp3x68-texlive-combined-full-2023-final-t
exmfdist/tex/generic/pgf/frontendlayer/tikz/libraries/tikzlibrarypositioning.co
de.tex
File: tikzlibrarypositioning.code.tex 2023-01-15 v3.1.10 (3.1.10)
)
(/nix/store/4v48iafvd65x29n7w13rbpihwsgp3x68-texlive-combined-full-2023-final-t
exmfdist/tex/generic/pgf/frontendlayer/tikz/libraries/tikzlibraryautomata.code.
tex
File: tikzlibraryautomata.code.tex 2023-01-15 v3.1.10 (3.1.10)
)
(/nix/store/4v48iafvd65x29n7w13rbpihwsgp3x68-texlive-combined-full-2023-final-t
exmfdist/tex/generic/pgf/frontendlayer/tikz/libraries/tikzlibraryshadows.code.t
ex
File: tikzlibraryshadows.code.tex 2023-01-15 v3.1.10 (3.1.10)

(/nix/store/4v48iafvd65x29n7w13rbpihwsgp3x68-texlive-combined-full-2023-final-t
exmfdist/tex/generic/pgf/frontendlayer/tikz/libraries/tikzlibraryfadings.code.t
ex
File: tikzlibraryfadings.code.tex 2023-01-15 v3.1.10 (3.1.10)

(/nix/store/4v48iafvd65x29n7w13rbpihwsgp3x68-texlive-combined-full-2023-final-t
exmfdist/tex/generic/pgf/libraries/pgflibraryfadings.code.tex
File: pgflibraryfadings.code.tex 2023-01-15 v3.1.10 (3.1.10)
)))
(/nix/store/4v48iafvd65x29n7w13rbpihwsgp3x68-texlive-combined-full-2023-final-t
exmfdist/tex/generic/pgf/frontendlayer/tikz/libraries/tikzlibraryfit.code.tex
File: tikzlibraryfit.code.tex 2023-01-15 v3.1.10 (3.1.10)
)
(/nix/store/4v48iafvd65x29n7w13rbpihwsgp3x68-texlive-combined-full-2023-final-t
exmfdist/tex/latex/listings/lstlang1.sty
File: lstlang1.sty 2024/02/21 1.10 listings language file
)
(/nix/store/4v48iafvd65x29n7w13rbpihwsgp3x68-texlive-combined-full-2023-final-t
exmfdist/tex/latex/listings/lstlang1.sty
File: lstlang1.sty 2024/02/21 1.10 listings language file
)
(/nix/store/4v48iafvd65x29n7w13rbpihwsgp3x68-texlive-combined-full-2023-final-t
exmfdist/tex/latex/listings/lstmisc.sty
File: lstmisc.sty 2024/02/21 1.10 (Carsten Heinz)
) (./01_vtl3d_fem_core_analysis.aux

LaTeX Warning: Label `eq:weak_form' multiply defined.

)
\openout1 = `01_vtl3d_fem_core_analysis.aux'.

LaTeX Font Info:    Checking defaults for OML/cmm/m/it on input line 45.
LaTeX Font Info:    ... okay on input line 45.
LaTeX Font Info:    Checking defaults for OMS/cmsy/m/n on input line 45.
LaTeX Font Info:    ... okay on input line 45.
LaTeX Font Info:    Checking defaults for OT1/cmr/m/n on input line 45.
LaTeX Font Info:    ... okay on input line 45.
LaTeX Font Info:    Checking defaults for T1/cmr/m/n on input line 45.
LaTeX Font Info:    ... okay on input line 45.
LaTeX Font Info:    Checking defaults for TS1/cmr/m/n on input line 45.
LaTeX Font Info:    ... okay on input line 45.
LaTeX Font Info:    Checking defaults for TU/lmr/m/n on input line 45.
LaTeX Font Info:    ... okay on input line 45.
LaTeX Font Info:    Checking defaults for OMX/cmex/m/n on input line 45.
LaTeX Font Info:    ... okay on input line 45.
LaTeX Font Info:    Checking defaults for U/cmr/m/n on input line 45.
LaTeX Font Info:    ... okay on input line 45.
LaTeX Font Info:    Checking defaults for PD1/pdf/m/n on input line 45.
LaTeX Font Info:    ... okay on input line 45.
LaTeX Font Info:    Checking defaults for PU/pdf/m/n on input line 45.
LaTeX Font Info:    ... okay on input line 45.

Package fontspec Info: Adjusting the maths setup (use [no-math] to avoid
(fontspec)             this).

\symlegacymaths=\mathgroup6
LaTeX Font Info:    Overwriting symbol font `legacymaths' in version `bold'
(Font)                  OT1/cmr/m/n --> OT1/cmr/bx/n on input line 45.
LaTeX Font Info:    Redeclaring math accent \acute on input line 45.
LaTeX Font Info:    Redeclaring math accent \grave on input line 45.
LaTeX Font Info:    Redeclaring math accent \ddot on input line 45.
LaTeX Font Info:    Redeclaring math accent \tilde on input line 45.
LaTeX Font Info:    Redeclaring math accent \bar on input line 45.
LaTeX Font Info:    Redeclaring math accent \breve on input line 45.
LaTeX Font Info:    Redeclaring math accent \check on input line 45.
LaTeX Font Info:    Redeclaring math accent \hat on input line 45.
LaTeX Font Info:    Redeclaring math accent \dot on input line 45.
LaTeX Font Info:    Redeclaring math accent \mathring on input line 45.
LaTeX Font Info:    Redeclaring math symbol \Gamma on input line 45.
LaTeX Font Info:    Redeclaring math symbol \Delta on input line 45.
LaTeX Font Info:    Redeclaring math symbol \Theta on input line 45.
LaTeX Font Info:    Redeclaring math symbol \Lambda on input line 45.
LaTeX Font Info:    Redeclaring math symbol \Xi on input line 45.
LaTeX Font Info:    Redeclaring math symbol \Pi on input line 45.
LaTeX Font Info:    Redeclaring math symbol \Sigma on input line 45.
LaTeX Font Info:    Redeclaring math symbol \Upsilon on input line 45.
LaTeX Font Info:    Redeclaring math symbol \Phi on input line 45.
LaTeX Font Info:    Redeclaring math symbol \Psi on input line 45.
LaTeX Font Info:    Redeclaring math symbol \Omega on input line 45.
LaTeX Font Info:    Redeclaring math symbol \mathdollar on input line 45.
LaTeX Font Info:    Redeclaring symbol font `operators' on input line 45.
LaTeX Font Info:    Encoding `OT1' has changed to `TU' for symbol font
(Font)              `operators' in the math version `normal' on input line 45.
LaTeX Font Info:    Overwriting symbol font `operators' in version `normal'
(Font)                  OT1/cmr/m/n --> TU/lmr/m/n on input line 45.
LaTeX Font Info:    Encoding `OT1' has changed to `TU' for symbol font
(Font)              `operators' in the math version `bold' on input line 45.
LaTeX Font Info:    Overwriting symbol font `operators' in version `bold'
(Font)                  OT1/cmr/bx/n --> TU/lmr/m/n on input line 45.
LaTeX Font Info:    Overwriting symbol font `operators' in version `normal'
(Font)                  TU/lmr/m/n --> TU/lmr/m/n on input line 45.
LaTeX Font Info:    Overwriting math alphabet `\mathit' in version `normal'
(Font)                  OT1/cmr/m/it --> TU/lmr/m/it on input line 45.
LaTeX Font Info:    Overwriting math alphabet `\mathbf' in version `normal'
(Font)                  OT1/cmr/bx/n --> TU/lmr/b/n on input line 45.
LaTeX Font Info:    Overwriting math alphabet `\mathsf' in version `normal'
(Font)                  OT1/cmss/m/n --> TU/lmss/m/n on input line 45.
LaTeX Font Info:    Overwriting math alphabet `\mathtt' in version `normal'
(Font)                  OT1/cmtt/m/n --> TU/lmtt/m/n on input line 45.
LaTeX Font Info:    Overwriting symbol font `operators' in version `bold'
(Font)                  TU/lmr/m/n --> TU/lmr/b/n on input line 45.
LaTeX Font Info:    Overwriting math alphabet `\mathit' in version `bold'
(Font)                  OT1/cmr/bx/it --> TU/lmr/b/it on input line 45.
LaTeX Font Info:    Overwriting math alphabet `\mathsf' in version `bold'
(Font)                  OT1/cmss/bx/n --> TU/lmss/b/n on input line 45.
LaTeX Font Info:    Overwriting math alphabet `\mathtt' in version `bold'
(Font)                  OT1/cmtt/m/n --> TU/lmtt/b/n on input line 45.

*geometry* driver: auto-detecting
*geometry* detected driver: xetex
*geometry* verbose mode - [ preamble ] result:
* driver: xetex
* paper: a4paper
* layout: <same size as paper>
* layoutoffset:(h,v)=(0.0pt,0.0pt)
* modes: 
* h-part:(L,W,R)=(72.26999pt, 452.9679pt, 72.26999pt)
* v-part:(T,H,B)=(72.26999pt, 700.50687pt, 72.26999pt)
* \paperwidth=597.50787pt
* \paperheight=845.04684pt
* \textwidth=452.9679pt
* \textheight=700.50687pt
* \oddsidemargin=0.0pt
* \evensidemargin=0.0pt
* \topmargin=-37.0pt
* \headheight=12.0pt
* \headsep=25.0pt
* \topskip=10.0pt
* \footskip=30.0pt
* \marginparwidth=65.0pt
* \marginparsep=11.0pt
* \columnsep=10.0pt
* \skip\footins=9.0pt plus 4.0pt minus 2.0pt
* \hoffset=0.0pt
* \voffset=0.0pt
* \mag=1000
* \@twocolumnfalse
* \@twosidefalse
* \@mparswitchfalse
* \@reversemarginfalse
* (1in=72.27pt=25.4mm, 1cm=28.453pt)

Package hyperref Info: Link coloring OFF on input line 45.
(./01_vtl3d_fem_core_analysis.out) (./01_vtl3d_fem_core_analysis.out)
\@outlinefile=\write4
\openout4 = `01_vtl3d_fem_core_analysis.out'.

\c@lstlisting=\count358


Package fontspec Warning: Font "FandolFang-Regular" does not contain requested
(fontspec)                Script "CJK".


Package fontspec Info: Font family 'FandolFang-Regular(0)' created for font
(fontspec)             'FandolFang-Regular' with options
(fontspec)             [Script={CJK},Extension={.otf}].
(fontspec)              
(fontspec)              This font family consists of the following NFSS
(fontspec)             series/shapes:
(fontspec)              
(fontspec)             - 'normal' (m/n) with NFSS spec.:
(fontspec)             <->"[FandolFang-Regular.otf]/OT:language=dflt;"
(fontspec)             - 'small caps'  (m/sc) with NFSS spec.: 

LaTeX Font Info:    Trying to load font information for U+msa on input line 48.


(/nix/store/4v48iafvd65x29n7w13rbpihwsgp3x68-texlive-combined-full-2023-final-t
exmfdist/tex/latex/amsfonts/umsa.fd
File: umsa.fd 2013/01/14 v3.01 AMS symbols A
)
LaTeX Font Info:    Trying to load font information for U+msb on input line 48.


(/nix/store/4v48iafvd65x29n7w13rbpihwsgp3x68-texlive-combined-full-2023-final-t
exmfdist/tex/latex/amsfonts/umsb.fd
File: umsb.fd 2013/01/14 v3.01 AMS symbols B
) (./01_vtl3d_fem_core_analysis.toc
LaTeX Font Info:    Font shape `TU/lmtt/bx/n' in size <10.53937> not available
(Font)              Font shape `TU/lmtt/b/n' tried instead on input line 15.
 [1

]
LaTeX Font Info:    Font shape `TU/FandolSong-Regular(0)/m/sl' in size <10.5393
7> not available
(Font)              Font shape `TU/FandolSong-Regular(0)/m/it' tried instead on
 input line 79.

[2])
\tf@toc=\write5
\openout5 = `01_vtl3d_fem_core_analysis.toc'.


Overfull \hbox (20.1547pt too wide) in paragraph at lines 66--67
[]\TU/FandolSong-Regular(0)/m/n/10.53937             \TU/lmtt/m/n/1
0.53937 CrossSection2d.cpp \TU/FandolSong-Regular(0)/m/n/10.53937 |     \T
U/lmtt/m/n/10.53937 CrossSection2dFEM::computeModes
 []

[3]
Overfull \hbox (12.36572pt too wide) in paragraph at lines 83--84
[]\TU/FandolSong-Regular(0)/m/it/10.53937  \TU/lmr/m/it/10.53937 : \TU/Fandol
Song-Regular(0)/b/n/10.53937                  \TU/FandolSong-
Regular(0)/m/n/10.53937 |    \TU/lmtt/m/n/10.53937 CrossSection2dFEM::comput
eModes
 []


Overfull \hbox (7.44388pt too wide) in paragraph at lines 104--105
[]\TU/FandolSong-Regular(0)/m/it/10.53937  \TU/lmr/m/it/10.53937 : \TU/Fandol
Song-Regular(0)/m/n/10.53937               \TU/lmtt/m/n/10.53937 
Acoustic3dSimulation.cpp \TU/lmr/m/n/10.53937 (\TU/FandolSong-Regular(0)/m/n/10
.53937  \TU/lmtt/m/n/10.53937 propagateMagnus
 []

[4]
Overfull \hbox (64.86139pt too wide) in paragraph at lines 119--120
[]\TU/FandolSong-Regular(0)/m/it/10.53937  \TU/lmr/m/it/10.53937 : \TU/lmtt/m
/n/10.53937 Acoustic3dSimulation.cpp \TU/FandolSong-Regular(0)/m/n/10.53937  
           | \TU/lmr/m/n/10.53937 GUI \TU/FandolSong-Regular(0)/m/n
/10.53937    | \TU/lmtt/m/n/10.53937 Acoustic3dPage.cpp\TU/FandolSong-Regul
ar(0)/m/n/10.53937 |
 []

[5] [6] [7] [8] [9]
LaTeX Font Info:    Font shape `TU/lmtt/bx/n' in size <15.05624> not available
(Font)              Font shape `TU/lmtt/b/n' tried instead on input line 349.
 [10]
Package hyperref Info: bookmark level for unknown lstlisting defaults to 0 on i
nput line 357.
 [11] [12]

Package hyperref Warning: Token not allowed in a PDF string (Unicode):
(hyperref)                removing `\hbox' on input line 488.


Package hyperref Warning: Token not allowed in a PDF string (Unicode):
(hyperref)                removing `\mathsurround' on input line 488.


Package hyperref Warning: Token not allowed in a PDF string (Unicode):
(hyperref)                removing `\z@' on input line 488.


Package hyperref Warning: Token not allowed in a PDF string (Unicode):
(hyperref)                removing `\unskip' on input line 488.


Package hyperref Warning: Token not allowed in a PDF string (Unicode):
(hyperref)                removing `\@@italiccorr' on input line 488.


LaTeX Warning: Reference `EQ:ODE_COUPLED' on page 13 undefined on input line 50
5.

[13]

LaTeX Warning: Reference `EQ:ODE_COUPLED' on page 14 undefined on input line 56
1.

[14]

LaTeX Warning: Reference `EQ:ODE_COUPLED' on page 15 undefined on input line 61
6.

[15] [16]
Missing character: There is no ^^C (U+0003) in font [lmromandemi10-regular]:map
ping=tex-text;!
Missing character: There is no ^^C (U+0003) in font [lmromandemi10-regular]:map
ping=tex-text;!
Missing character: There is no ^^C (U+0003) in font [lmromandemi10-regular]:map
ping=tex-text;!
Missing character: There is no ^^C (U+0003) in font [lmromandemi10-regular]:map
ping=tex-text;!
Missing character: There is no ^^C (U+0003) in font [lmromandemi10-regular]:map
ping=tex-text;!
Missing character: There is no ^^C (U+0003) in font [lmromandemi10-regular]:map
ping=tex-text;!
Missing character: There is no ^^C (U+0003) in font [lmromandemi10-regular]:map
ping=tex-text;!
Missing character: There is no ^^C (U+0003) in font [lmromandemi10-regular]:map
ping=tex-text;!
Missing character: There is no ^^C (U+0003) in font [lmromandemi10-regular]:map
ping=tex-text;!
Missing character: There is no ^^C (U+0003) in font [lmromandemi10-regular]:map
ping=tex-text;!
Missing character: There is no ^^C (U+0003) in font [lmromandemi10-regular]:map
ping=tex-text;!
Missing character: There is no ^^C (U+0003) in font [lmromandemi10-regular]:map
ping=tex-text;!
Missing character: There is no ^^C (U+0003) in font [lmromandemi10-regular]:map
ping=tex-text;!
Missing character: There is no ^^C (U+0003) in font [lmromandemi10-regular]:map
ping=tex-text;!
Missing character: There is no ^^C (U+0003) in font [lmromandemi10-regular]:map
ping=tex-text;!
Missing character: There is no ^^C (U+0003) in font [lmromandemi10-regular]:map
ping=tex-text;!
Missing character: There is no ^^C (U+0003) in font [lmromandemi10-regular]:map
ping=tex-text;!
Missing character: There is no ^^C (U+0003) in font [lmromandemi10-regular]:map
ping=tex-text;!
Missing character: There is no ^^C (U+0003) in font [lmromandemi10-regular]:map
ping=tex-text;!
Missing character: There is no ^^C (U+0003) in font [lmromandemi10-regular]:map
ping=tex-text;!
Missing character: There is no ^^C (U+0003) in font [lmromandemi10-regular]:map
ping=tex-text;!
Missing character: There is no ^^C (U+0003) in font [lmromandemi10-regular]:map
ping=tex-text;!
Missing character: There is no ^^C (U+0003) in font [lmromandemi10-regular]:map
ping=tex-text;!
Missing character: There is no ^^C (U+0003) in font [lmromandemi10-regular]:map
ping=tex-text;!
Missing character: There is no ^^C (U+0003) in font [lmromandemi10-regular]:map
ping=tex-text;!
[17]
Overfull \hbox (64.45052pt too wide) in paragraph at lines 730--731
\TU/FandolSong-Regular(0)/m/n/10.53937                  |  
   \TU/lmr/m/n/10.53937 C++ \TU/FandolSong-Regular(0)/m/n/10.53937      
      \TU/lmtt/m/n/10.53937 extractContoursFromCsvFile
 []


Overfull \hbox (120.04701pt too wide) in paragraph at lines 737--739
[]\TU/FandolSong-Regular(0)/m/n/10.53937       \TU/lmr/m/n/10.53937 (\TU/
lmtt/m/n/10.53937 Acoustic3dSimulation::extractContoursFromCsvFile \TU/FandolSo
ng-Regular(0)/m/n/10.53937  |    \TU/lmtt/m/n/10.53937 Acoustic3dSimulatio
n.cpp:4949\TU/lmr/m/n/10.53937 )
 []

[18]

Package hyperref Warning: Token not allowed in a PDF string (Unicode):
(hyperref)                removing `\(' on input line 764.


Package hyperref Warning: Token not allowed in a PDF string (Unicode):
(hyperref)                removing `\)' on input line 764.

LaTeX Font Info:    Font shape `TU/lmtt/bx/n' in size <12.045> not available
(Font)              Font shape `TU/lmtt/b/n' tried instead on input line 767.

Overfull \hbox (66.52582pt too wide) in paragraph at lines 769--771
[]\TU/FandolSong-Regular(0)/m/n/10.53937        \TU/lmr/m/n/10.53937 CSV
 \TU/FandolSong-Regular(0)/m/n/10.53937   | \TU/lmtt/m/n/10.53937 extractCo
ntoursFromCsvFile \TU/FandolSong-Regular(0)/m/n/10.53937   \TU/lmr/m/n/10.539
37 (\TU/FandolSong-Regular(0)/m/n/10.53937   \TU/lmtt/m/n/10.53937 Acoustic3d
Simulation.cpp:4949\TU/lmr/m/n/10.53937 )
 []

[19]
Overfull \hbox (22.82135pt too wide) in paragraph at lines 779--780
[]\TU/FandolSong-Regular(0)/m/n/10.53937            | \TU/lmtt/m/n
/10.53937 createCrossSections \TU/FandolSong-Regular(0)/m/n/10.53937   \TU/lm
r/m/n/10.53937 (\TU/FandolSong-Regular(0)/m/n/10.53937   \TU/lmtt/m/n/10.5393
7 Acoustic3dSimulation.cpp:5121\TU/lmr/m/n/10.53937 )
 []

[20] [21]
Overfull \hbox (5.49767pt too wide) in paragraph at lines 846--847
[]\TU/FandolSong-Regular(0)/m/n/10.53937     []|         $[][] \OT1
/cmr/m/n/10.53937 = [] + \OML/cmm/m/it/10.53937 z[][] \OMS/cmsy/m/n/10.53937 ^^
Y \OT1/cmr/m/n/10.53937 (2\OML/cmm/m/it/10.53937 :\OT1/cmr/m/n/10.53937 0\OML/c
mm/m/it/10.53937 ; \OT1/cmr/m/n/10.53937 3\OML/cmm/m/it/10.53937 :\OT1/cmr/m/n/
10.53937 0) + 1\OML/cmm/m/it/10.53937 :\OT1/cmr/m/n/10.53937 0 \OMS/cmsy/m/n/10
.53937 ^^B \OT1/cmr/m/n/10.53937 (0\OML/cmm/m/it/10.53937 :\OT1/cmr/m/n/10.5393
7 7071\OML/cmm/m/it/10.53937 ; \OT1/cmr/m/n/10.53937 0\OML/cmm/m/it/10.53937 :\
OT1/cmr/m/n/10.53937 7071) = (2\OML/cmm/m/it/10.53937 :\OT1/cmr/m/n/10.53937 70
71\OML/cmm/m/it/10.53937 ; \OT1/cmr/m/n/10.53937 3\OML/cmm/m/it/10.53937 :\OT1/
cmr/m/n/10.53937 7071)$ 
 []

[22]
Overfull \hbox (34.08626pt too wide) in paragraph at lines 892--893
\TU/lmtt/m/n/10.53937 addCrossSectionFEM \TU/FandolSong-Regular(0)/m/n/10.53937
     \TU/lmtt/m/n/10.53937 CrossSection2dFEM \TU/FandolSong-Regular(0)/m/n/
10.53937  |             \TU/lmr/m/n/10.53937 (\TU/lmtt/m/n/10.539
37 ctrLinePtOut\TU/lmr/m/n/10.53937 )
 []


Overfull \hbox (91.62119pt too wide) in paragraph at lines 898--899
\TU/FandolSong-Regular(0)/m/n/10.53937            |        
   \TU/lmtt/m/n/10.53937 addCrossSectionFEM \TU/FandolSong-Regular(0)/m/n/10.
53937   \TU/lmr/m/n/10.53937 (\TU/FandolSong-Regular(0)/m/n/10.53937   \TU/
lmtt/m/n/10.53937 Acoustic3dSimulation.cpp:531\TU/lmr/m/n/10.53937 )\TU/FandolS
ong-Regular(0)/m/n/10.53937 | 
 []

[23]
Overfull \hbox (14.61038pt too wide) in paragraph at lines 916--917
\TU/FandolSong-Regular(0)/m/n/10.53937       \TU/lmtt/m/n/10.53937 m_cont
our \TU/FandolSong-Regular(0)/m/n/10.53937  |    \TU/lmr/m/n/10.53937 Z \T
U/FandolSong-Regular(0)/m/n/10.53937           \TU/lmr/m/n/10.53937 (
$\OML/cmm/m/it/10.53937 P[]$\TU/lmr/m/n/10.53937 )\TU/FandolSong-Regular(0)/m/n
/10.53937 |    \TU/lmtt/m/n/10.53937 sec->triangulation()
 []

File: contour_s1_a_plot_seg106.png Graphic file (type bmp)
<contour_s1_a_plot_seg106.png>

Overfull \hbox (11.67873pt too wide) in paragraph at lines 929--931
[]\TU/FandolSong-Regular(0)/m/n/10.53937     |   \TU/lmr/m/n/10.53937 GU
I \TU/FandolSong-Regular(0)/m/n/10.53937   |                
  |   \TU/lmtt/m/n/10.53937 SegmentsPicture::draw
 []

[24]
Overfull \hbox (50.73427pt too wide) in paragraph at lines 935--937
[]\TU/FandolSong-Regular(0)/m/n/10.53937     |    \TU/lmtt/m/n/10.53937
 sec->ctrLinePtOut()\TU/FandolSong-Regular(0)/m/n/10.53937 |     $[][]$ \TU
/FandolSong-Regular(0)/b/n/10.53937   \TU/FandolSong-Regular(0)/m/n/10.53937 
    |     \TU/lmtt/m/n/10.53937 CrossSection2dFEM
 []

[25]
Overfull \hbox (32.51024pt too wide) in paragraph at lines 980--982
[]\TU/FandolSong-Regular(0)/b/n/10.53937       \TU/lmr/bx/n/10.53937 (\TU
/lmtt/b/n/10.53937 getSegmentPts\TU/lmr/bx/n/10.53937 ): \TU/FandolSong-Regular
(0)/m/n/10.53937   \TU/lmtt/m/n/10.53937 getSegmentPts \TU/FandolSong-Regular
(0)/m/n/10.53937   \TU/lmr/m/n/10.53937 (\TU/FandolSong-Regular(0)/m/n/10.539
37   \TU/lmtt/m/n/10.53937 SegmentsPicture.cpp:574\TU/lmr/m/n/10.53937 )\TU/F
andolSong-Regular(0)/m/n/10.53937 |
 []

[26] [27]
Overfull \hbox (44.45152pt too wide) in paragraph at lines 1090--1091
[]\TU/FandolSong-Regular(0)/b/n/10.53937         \TU/lmr/bx/n/10.53937
 : \TU/FandolSong-Regular(0)/m/n/10.53937    \TU/lmr/m/n/10.53937 GUI \TU/Fa
ndolSong-Regular(0)/m/n/10.53937  \TU/lmr/m/n/10.53937 Import geometry\TU/F
andolSong-Regular(0)/m/n/10.53937 |    \TU/lmtt/m/n/10.53937 Acoustic3dPage:
:OnImportGeometry
 []


Overfull \hbox (138.52725pt too wide) in paragraph at lines 1091--1092
[]\TU/FandolSong-Regular(0)/b/n/10.53937    \TU/lmr/bx/n/10.53937 : \TU/lmr
/m/n/10.53937 GUI \TU/FandolSong-Regular(0)/m/n/10.53937          \TU/
lmtt/m/n/10.53937 Acoustic3dSimulation::importGeometry \TU/lmr/m/n/10.53937 (\T
U/FandolSong-Regular(0)/m/n/10.53937   \TU/lmtt/m/n/10.53937 Acoustic3dSimula
tion.cpp:5893\TU/lmr/m/n/10.53937 )\TU/FandolSong-Regular(0)/m/n/10.53937 | 
 []


Overfull \hbox (49.24945pt too wide) in paragraph at lines 1092--1093
[]\TU/FandolSong-Regular(0)/b/n/10.53937      \TU/lmr/bx/n/10.53937 : \TU
/lmtt/m/n/10.53937 importGeometry \TU/FandolSong-Regular(0)/m/n/10.53937   \T
U/lmtt/m/n/10.53937 createCrossSections \TU/lmr/m/n/10.53937 (\TU/FandolSong-Re
gular(0)/m/n/10.53937   \TU/lmtt/m/n/10.53937 Acoustic3dSimulation.cpp:5121\T
U/lmr/m/n/10.53937 )\TU/FandolSong-Regular(0)/m/n/10.53937 | 
 []


Overfull \hbox (127.77344pt too wide) in paragraph at lines 1093--1094
[]\TU/lmr/bx/n/10.53937 CSV \TU/FandolSong-Regular(0)/b/n/10.53937   \TU/lmr/
bx/n/10.53937 (X.3): \TU/lmtt/m/n/10.53937 createCrossSections \TU/FandolSong-R
egular(0)/m/n/10.53937   \TU/lmtt/m/n/10.53937 extractContoursFromCsvFile \TU
/lmr/m/n/10.53937 (\TU/FandolSong-Regular(0)/m/n/10.53937   \TU/lmtt/m/n/10.5
3937 Acoustic3dSimulation.cpp:4949\TU/lmr/m/n/10.53937 )
 []

[28]
Overfull \hbox (58.0919pt too wide) in paragraph at lines 1109--1110
\TU/FandolSong-Regular(0)/m/n/10.53937     |       \TU/lmr/m/n/10.53
937 (\TU/FandolSong-Regular(0)/m/n/10.53937   $[][]$  $[][]$\TU/lmr/m/n/10.5
3937 )\TU/FandolSong-Regular(0)/m/n/10.53937 |     \TU/lmtt/m/n/10.53937 ge
tSegmentPts \TU/lmr/m/n/10.53937 (\TU/FandolSong-Regular(0)/m/n/10.53937   \T
U/lmtt/m/n/10.53937 SegmentsPicture.cpp:574\TU/lmr/m/n/10.53937 )
 []


Overfull \hbox (27.0346pt too wide) in paragraph at lines 1129--1130
[]\TU/FandolSong-Regular(0)/b/n/10.53937       |  \TU/FandolSong-Regula
r(0)/m/n/10.53937   \TU/lmr/m/n/10.53937 Sec. II.A \TU/FandolSong-Regular(0)/
m/n/10.53937     |    $\OML/cmm/m/it/10.53937 ^^T\OT1/cmr/m/n/10.53937 
(\OML/cmm/m/it/10.53937 x\OT1/cmr/m/n/10.53937 )$ \TU/FandolSong-Regular(0)/m/n
/10.53937    $\OML/cmm/m/it/10.53937 l\OT1/cmr/m/n/10.53937 (\OML/cmm/m/it/1
0.53937 x\OT1/cmr/m/n/10.53937 )$\TU/FandolSong-Regular(0)/m/n/10.53937 |   
  \TU/lmtt/m/n/10.53937 createCrossSections()
 []

[29]
Underfull \hbox (badness 2027) in paragraph at lines 1153--1154
[]\TU/lmtt/m/n/10.53937 CrossSection2dFEM::computeModes() \TU/FandolSong-Regula
r(0)/m/n/10.53937  
 []

[30]

LaTeX Warning: `h' float specifier changed to `ht'.

[31] [32]
Missing character: There is no  (U+2248) in font [lmroman10-regular]:mapping=t
ex-text;!
Missing character: There is no  (U+2248) in font [lmroman10-regular]:mapping=t
ex-text;!

Package hyperref Warning: Token not allowed in a PDF string (Unicode):
(hyperref)                removing `math shift' on input line 1284.


Package hyperref Warning: Token not allowed in a PDF string (Unicode):
(hyperref)                removing `superscript' on input line 1284.


Package hyperref Warning: Token not allowed in a PDF string (Unicode):
(hyperref)                removing `math shift' on input line 1284.


Package hyperref Warning: Token not allowed in a PDF string (Unicode):
(hyperref)                removing `math shift' on input line 1312.


Package hyperref Warning: Token not allowed in a PDF string (Unicode):
(hyperref)                removing `math shift' on input line 1312.

[33] [34]
Missing character: There is no  (U+1D57) in font [lmroman10-regular]:mapping=t
ex-text;!

Overfull \hbox (8.99841pt too wide) in paragraph at lines 1359--1360
[]\TU/FandolSong-Regular(0)/b/n/10.53937      \TU/lmr/m/n/10.53937 : \TU/
FandolSong-Regular(0)/m/n/10.53937       \TU/lmr/m/n/10.53937 LDL \TU/Fa
ndolSong-Regular(0)/m/n/10.53937        |   | \TU/lmtt/m/n/10.53937
 propagateImpedAdmit.cpp:1678\TU/FandolSong-Regular(0)/m/n/10.53937 | 
 []


Package hyperref Warning: Token not allowed in a PDF string (Unicode):
(hyperref)                removing `math shift' on input line 1365.


Package hyperref Warning: Token not allowed in a PDF string (Unicode):
(hyperref)                removing `math shift' on input line 1365.


Package hyperref Warning: Token not allowed in a PDF string (Unicode):
(hyperref)                removing `math shift' on input line 1374.


Package hyperref Warning: Token not allowed in a PDF string (Unicode):
(hyperref)                removing `math shift' on input line 1374.

Missing character: There is no  (U+2211) in font [lmmono8-regular]:!
Missing character: There is no  (U+03C6) in font [lmmono8-regular]:!
Missing character: There is no  (U+03C6) in font [lmmono8-regular]:!
[35] [36] [37] [38] (./01_vtl3d_fem_core_analysis.aux)
 ***********
LaTeX2e <2023-11-01> patch level 1
L3 programming layer <2022/08/05>
 ***********


LaTeX Warning: There were undefined references.


LaTeX Warning: There were multiply-defined labels.


Package rerunfilecheck Warning: File `01_vtl3d_fem_core_analysis.out' has chang
ed.
(rerunfilecheck)                Rerun to get outlines right
(rerunfilecheck)                or use package `bookmark'.

Package rerunfilecheck Info: Checksums for `01_vtl3d_fem_core_analysis.out':
(rerunfilecheck)             Before: 0EA04A17E4D018A5CB6114E1CFB1388B;12322
(rerunfilecheck)             After:  36D959E4AB5676F79E063E74BDFEC893;12322.
 ) 
Here is how much of TeX's memory you used:
 32293 strings out of 474773
 750026 string characters out of 5734578
 2376839 words of memory out of 5000000
 53852 multiletter control sequences out of 15000+600000
 573890 words of font info for 151 fonts, out of 8000000 for 9000
 1348 hyphenation exceptions out of 8191
 102i,18n,107p,729b,1926s stack positions out of 10000i,1000n,20000p,200000b,200000s

Output written on 01_vtl3d_fem_core_analysis.pdf (38 pages).
